[0.269s] Invoking command in '/home/parallels/dolphin_slam_ws/build/dolphin_slam': PYTHONPATH=/home/parallels/dolphin_slam_ws/build/dolphin_slam/prefix_override:/usr/lib/python3/dist-packages/colcon_core/task/python/colcon_distutils_commands:/home/parallels/dolphin_slam_ws/install/dolphin_slam/lib/python3.10/site-packages:${PYTHONPATH} /usr/bin/python3 -W ignore:setup.py install is deprecated -W ignore:easy_install command is deprecated setup.py develop --uninstall --editable --build-directory /home/parallels/dolphin_slam_ws/build/dolphin_slam/build
[0.382s] running develop
[0.459s] Removing /home/parallels/dolphin_slam_ws/install/dolphin_slam/lib/python3.10/site-packages/dolphin-slam.egg-link (link to .)
[0.475s] Invoked command in '/home/parallels/dolphin_slam_ws/build/dolphin_slam' returned '0': PYTHONPATH=/home/parallels/dolphin_slam_ws/build/dolphin_slam/prefix_override:/usr/lib/python3/dist-packages/colcon_core/task/python/colcon_distutils_commands:/home/parallels/dolphin_slam_ws/install/dolphin_slam/lib/python3.10/site-packages:${PYTHONPATH} /usr/bin/python3 -W ignore:setup.py install is deprecated -W ignore:easy_install command is deprecated setup.py develop --uninstall --editable --build-directory /home/parallels/dolphin_slam_ws/build/dolphin_slam/build
[0.476s] Invoking command in '/home/parallels/dolphin_slam_ws/src/dolphin_slam': PYTHONPATH=/home/parallels/dolphin_slam_ws/build/dolphin_slam/prefix_override:/usr/lib/python3/dist-packages/colcon_core/task/python/colcon_distutils_commands:/home/parallels/dolphin_slam_ws/install/dolphin_slam/lib/python3.10/site-packages:${PYTHONPATH} /usr/bin/python3 -W ignore:setup.py install is deprecated -W ignore:easy_install command is deprecated setup.py egg_info --egg-base ../../build/dolphin_slam build --build-base /home/parallels/dolphin_slam_ws/build/dolphin_slam/build install --record /home/parallels/dolphin_slam_ws/build/dolphin_slam/install.log --single-version-externally-managed install_data --force
[0.593s] running egg_info
[0.594s] writing ../../build/dolphin_slam/dolphin_slam.egg-info/PKG-INFO
[0.594s] writing dependency_links to ../../build/dolphin_slam/dolphin_slam.egg-info/dependency_links.txt
[0.594s] writing entry points to ../../build/dolphin_slam/dolphin_slam.egg-info/entry_points.txt
[0.594s] writing requirements to ../../build/dolphin_slam/dolphin_slam.egg-info/requires.txt
[0.594s] writing top-level names to ../../build/dolphin_slam/dolphin_slam.egg-info/top_level.txt
[0.595s] reading manifest file '../../build/dolphin_slam/dolphin_slam.egg-info/SOURCES.txt'
[0.595s] adding license file 'LICENSE.txt'
[0.596s] writing manifest file '../../build/dolphin_slam/dolphin_slam.egg-info/SOURCES.txt'
[0.596s] running build
[0.596s] running build_py
[0.596s] copying dolphin_slam/robot_state_node.py -> /home/parallels/dolphin_slam_ws/build/dolphin_slam/build/lib/dolphin_slam
[0.597s] copying nodes/robot_state_node.py -> /home/parallels/dolphin_slam_ws/build/dolphin_slam/build/lib/nodes
[0.598s] running install
[0.598s] running install_lib
[0.598s] creating /home/parallels/dolphin_slam_ws/install/dolphin_slam/lib/python3.10/site-packages/dolphin_slam
[0.598s] copying /home/parallels/dolphin_slam_ws/build/dolphin_slam/build/lib/dolphin_slam/place_cell_network.py -> /home/parallels/dolphin_slam_ws/install/dolphin_slam/lib/python3.10/site-packages/dolphin_slam
[0.598s] copying /home/parallels/dolphin_slam_ws/build/dolphin_slam/build/lib/dolphin_slam/image_sync_node.py -> /home/parallels/dolphin_slam_ws/install/dolphin_slam/lib/python3.10/site-packages/dolphin_slam
[0.599s] copying /home/parallels/dolphin_slam_ws/build/dolphin_slam/build/lib/dolphin_slam/robot_state_node.py -> /home/parallels/dolphin_slam_ws/install/dolphin_slam/lib/python3.10/site-packages/dolphin_slam
[0.599s] copying /home/parallels/dolphin_slam_ws/build/dolphin_slam/build/lib/dolphin_slam/robot_state.py -> /home/parallels/dolphin_slam_ws/install/dolphin_slam/lib/python3.10/site-packages/dolphin_slam
[0.599s] copying /home/parallels/dolphin_slam_ws/build/dolphin_slam/build/lib/dolphin_slam/fabmap.py -> /home/parallels/dolphin_slam_ws/install/dolphin_slam/lib/python3.10/site-packages/dolphin_slam
[0.599s] copying /home/parallels/dolphin_slam_ws/build/dolphin_slam/build/lib/dolphin_slam/image_processing_node.py -> /home/parallels/dolphin_slam_ws/install/dolphin_slam/lib/python3.10/site-packages/dolphin_slam
[0.599s] copying /home/parallels/dolphin_slam_ws/build/dolphin_slam/build/lib/dolphin_slam/local_view_cells.py -> /home/parallels/dolphin_slam_ws/install/dolphin_slam/lib/python3.10/site-packages/dolphin_slam
[0.599s] copying /home/parallels/dolphin_slam_ws/build/dolphin_slam/build/lib/dolphin_slam/utils.py -> /home/parallels/dolphin_slam_ws/install/dolphin_slam/lib/python3.10/site-packages/dolphin_slam
[0.600s] copying /home/parallels/dolphin_slam_ws/build/dolphin_slam/build/lib/dolphin_slam/enhanced_experience_map_node.py -> /home/parallels/dolphin_slam_ws/install/dolphin_slam/lib/python3.10/site-packages/dolphin_slam
[0.600s] copying /home/parallels/dolphin_slam_ws/build/dolphin_slam/build/lib/dolphin_slam/local_view_node.py -> /home/parallels/dolphin_slam_ws/install/dolphin_slam/lib/python3.10/site-packages/dolphin_slam
[0.600s] copying /home/parallels/dolphin_slam_ws/build/dolphin_slam/build/lib/dolphin_slam/place_cell_node.py -> /home/parallels/dolphin_slam_ws/install/dolphin_slam/lib/python3.10/site-packages/dolphin_slam
[0.600s] copying /home/parallels/dolphin_slam_ws/build/dolphin_slam/build/lib/dolphin_slam/experience_map_node.py -> /home/parallels/dolphin_slam_ws/install/dolphin_slam/lib/python3.10/site-packages/dolphin_slam
[0.600s] copying /home/parallels/dolphin_slam_ws/build/dolphin_slam/build/lib/dolphin_slam/image_processing.py -> /home/parallels/dolphin_slam_ws/install/dolphin_slam/lib/python3.10/site-packages/dolphin_slam
[0.600s] copying /home/parallels/dolphin_slam_ws/build/dolphin_slam/build/lib/dolphin_slam/__init__.py -> /home/parallels/dolphin_slam_ws/install/dolphin_slam/lib/python3.10/site-packages/dolphin_slam
[0.600s] copying /home/parallels/dolphin_slam_ws/build/dolphin_slam/build/lib/dolphin_slam/experience_map.py -> /home/parallels/dolphin_slam_ws/install/dolphin_slam/lib/python3.10/site-packages/dolphin_slam
[0.600s] copying /home/parallels/dolphin_slam_ws/build/dolphin_slam/build/lib/dolphin_slam/dataset_player_node.py -> /home/parallels/dolphin_slam_ws/install/dolphin_slam/lib/python3.10/site-packages/dolphin_slam
[0.601s] creating /home/parallels/dolphin_slam_ws/install/dolphin_slam/lib/python3.10/site-packages/nodes
[0.601s] copying /home/parallels/dolphin_slam_ws/build/dolphin_slam/build/lib/nodes/robot_state_node.py -> /home/parallels/dolphin_slam_ws/install/dolphin_slam/lib/python3.10/site-packages/nodes
[0.601s] copying /home/parallels/dolphin_slam_ws/build/dolphin_slam/build/lib/nodes/image_processing_node.py -> /home/parallels/dolphin_slam_ws/install/dolphin_slam/lib/python3.10/site-packages/nodes
[0.601s] copying /home/parallels/dolphin_slam_ws/build/dolphin_slam/build/lib/nodes/enhanced_experience_map_node.py -> /home/parallels/dolphin_slam_ws/install/dolphin_slam/lib/python3.10/site-packages/nodes
[0.601s] copying /home/parallels/dolphin_slam_ws/build/dolphin_slam/build/lib/nodes/local_view_node.py -> /home/parallels/dolphin_slam_ws/install/dolphin_slam/lib/python3.10/site-packages/nodes
[0.601s] copying /home/parallels/dolphin_slam_ws/build/dolphin_slam/build/lib/nodes/place_cell_node.py -> /home/parallels/dolphin_slam_ws/install/dolphin_slam/lib/python3.10/site-packages/nodes
[0.601s] copying /home/parallels/dolphin_slam_ws/build/dolphin_slam/build/lib/nodes/experience_map_node.py -> /home/parallels/dolphin_slam_ws/install/dolphin_slam/lib/python3.10/site-packages/nodes
[0.601s] copying /home/parallels/dolphin_slam_ws/build/dolphin_slam/build/lib/nodes/__init__.py -> /home/parallels/dolphin_slam_ws/install/dolphin_slam/lib/python3.10/site-packages/nodes
[0.601s] copying /home/parallels/dolphin_slam_ws/build/dolphin_slam/build/lib/nodes/dataset_player_node.py -> /home/parallels/dolphin_slam_ws/install/dolphin_slam/lib/python3.10/site-packages/nodes
[0.602s] byte-compiling /home/parallels/dolphin_slam_ws/install/dolphin_slam/lib/python3.10/site-packages/dolphin_slam/place_cell_network.py to place_cell_network.cpython-310.pyc
[0.603s] byte-compiling /home/parallels/dolphin_slam_ws/install/dolphin_slam/lib/python3.10/site-packages/dolphin_slam/image_sync_node.py to image_sync_node.cpython-310.pyc
[0.604s] byte-compiling /home/parallels/dolphin_slam_ws/install/dolphin_slam/lib/python3.10/site-packages/dolphin_slam/robot_state_node.py to robot_state_node.cpython-310.pyc
[0.605s] byte-compiling /home/parallels/dolphin_slam_ws/install/dolphin_slam/lib/python3.10/site-packages/dolphin_slam/robot_state.py to robot_state.cpython-310.pyc
[0.606s] byte-compiling /home/parallels/dolphin_slam_ws/install/dolphin_slam/lib/python3.10/site-packages/dolphin_slam/fabmap.py to fabmap.cpython-310.pyc
[0.607s] byte-compiling /home/parallels/dolphin_slam_ws/install/dolphin_slam/lib/python3.10/site-packages/dolphin_slam/image_processing_node.py to image_processing_node.cpython-310.pyc
[0.608s] byte-compiling /home/parallels/dolphin_slam_ws/install/dolphin_slam/lib/python3.10/site-packages/dolphin_slam/local_view_cells.py to local_view_cells.cpython-310.pyc
[0.608s] byte-compiling /home/parallels/dolphin_slam_ws/install/dolphin_slam/lib/python3.10/site-packages/dolphin_slam/utils.py to utils.cpython-310.pyc
[0.610s] byte-compiling /home/parallels/dolphin_slam_ws/install/dolphin_slam/lib/python3.10/site-packages/dolphin_slam/enhanced_experience_map_node.py to enhanced_experience_map_node.cpython-310.pyc
[0.610s] byte-compiling /home/parallels/dolphin_slam_ws/install/dolphin_slam/lib/python3.10/site-packages/dolphin_slam/local_view_node.py to local_view_node.cpython-310.pyc
[0.610s] byte-compiling /home/parallels/dolphin_slam_ws/install/dolphin_slam/lib/python3.10/site-packages/dolphin_slam/place_cell_node.py to place_cell_node.cpython-310.pyc
[0.611s] byte-compiling /home/parallels/dolphin_slam_ws/install/dolphin_slam/lib/python3.10/site-packages/dolphin_slam/experience_map_node.py to experience_map_node.cpython-310.pyc
[0.611s] byte-compiling /home/parallels/dolphin_slam_ws/install/dolphin_slam/lib/python3.10/site-packages/dolphin_slam/image_processing.py to image_processing.cpython-310.pyc
[0.612s] byte-compiling /home/parallels/dolphin_slam_ws/install/dolphin_slam/lib/python3.10/site-packages/dolphin_slam/__init__.py to __init__.cpython-310.pyc
[0.613s] byte-compiling /home/parallels/dolphin_slam_ws/install/dolphin_slam/lib/python3.10/site-packages/dolphin_slam/experience_map.py to experience_map.cpython-310.pyc
[0.613s] byte-compiling /home/parallels/dolphin_slam_ws/install/dolphin_slam/lib/python3.10/site-packages/dolphin_slam/dataset_player_node.py to dataset_player_node.cpython-310.pyc
[0.615s] byte-compiling /home/parallels/dolphin_slam_ws/install/dolphin_slam/lib/python3.10/site-packages/nodes/robot_state_node.py to robot_state_node.cpython-310.pyc
[0.616s] byte-compiling /home/parallels/dolphin_slam_ws/install/dolphin_slam/lib/python3.10/site-packages/nodes/image_processing_node.py to image_processing_node.cpython-310.pyc
[0.616s] byte-compiling /home/parallels/dolphin_slam_ws/install/dolphin_slam/lib/python3.10/site-packages/nodes/enhanced_experience_map_node.py to enhanced_experience_map_node.cpython-310.pyc
[0.617s] byte-compiling /home/parallels/dolphin_slam_ws/install/dolphin_slam/lib/python3.10/site-packages/nodes/local_view_node.py to local_view_node.cpython-310.pyc
[0.617s] byte-compiling /home/parallels/dolphin_slam_ws/install/dolphin_slam/lib/python3.10/site-packages/nodes/place_cell_node.py to place_cell_node.cpython-310.pyc
[0.618s] byte-compiling /home/parallels/dolphin_slam_ws/install/dolphin_slam/lib/python3.10/site-packages/nodes/experience_map_node.py to experience_map_node.cpython-310.pyc
[0.618s] byte-compiling /home/parallels/dolphin_slam_ws/install/dolphin_slam/lib/python3.10/site-packages/nodes/__init__.py to __init__.cpython-310.pyc
[0.618s] byte-compiling /home/parallels/dolphin_slam_ws/install/dolphin_slam/lib/python3.10/site-packages/nodes/dataset_player_node.py to dataset_player_node.cpython-310.pyc
[0.619s] running install_data
[0.619s] copying resource/dolphin_slam -> /home/parallels/dolphin_slam_ws/install/dolphin_slam/share/ament_index/resource_index/packages
[0.619s] copying package.xml -> /home/parallels/dolphin_slam_ws/install/dolphin_slam/share/dolphin_slam
[0.619s] copying launch/dolphin_slam_launch.py -> /home/parallels/dolphin_slam_ws/install/dolphin_slam/share/dolphin_slam/launch
[0.620s] copying config/dolphin_slam_params.yaml -> /home/parallels/dolphin_slam_ws/install/dolphin_slam/share/dolphin_slam/config
[0.620s] copying config/sim_waypoints.yaml -> /home/parallels/dolphin_slam_ws/install/dolphin_slam/share/dolphin_slam/config
[0.621s] copying config/camera_calibration.yaml -> /home/parallels/dolphin_slam_ws/install/dolphin_slam/share/dolphin_slam/config
[0.621s] copying config/dolphin_slam_sim_params.yaml -> /home/parallels/dolphin_slam_ws/install/dolphin_slam/share/dolphin_slam/config
[0.621s] copying rviz/dolphin_slam_enhanced.rviz -> /home/parallels/dolphin_slam_ws/install/dolphin_slam/share/dolphin_slam/rviz
[0.622s] copying rviz/dolphin_slam_safe.rviz -> /home/parallels/dolphin_slam_ws/install/dolphin_slam/share/dolphin_slam/rviz
[0.622s] copying rviz/dolphin_slam_sim.rviz -> /home/parallels/dolphin_slam_ws/install/dolphin_slam/share/dolphin_slam/rviz
[0.622s] copying rviz/dolphin_slam_fixed.rviz -> /home/parallels/dolphin_slam_ws/install/dolphin_slam/share/dolphin_slam/rviz
[0.622s] copying rviz/dolphin_slam.rviz -> /home/parallels/dolphin_slam_ws/install/dolphin_slam/share/dolphin_slam/rviz
[0.623s] copying scripts/slam_monitor.py -> /home/parallels/dolphin_slam_ws/install/dolphin_slam/share/dolphin_slam/scripts
[0.623s] copying scripts/analyze_dataset.py -> /home/parallels/dolphin_slam_ws/install/dolphin_slam/share/dolphin_slam/scripts
[0.623s] copying scripts/data_validation_script.py -> /home/parallels/dolphin_slam_ws/install/dolphin_slam/share/dolphin_slam/scripts
[0.623s] copying scripts/config_checker_fixer.py -> /home/parallels/dolphin_slam_ws/install/dolphin_slam/share/dolphin_slam/scripts
[0.623s] copying scripts/conflict_free_monitor.py -> /home/parallels/dolphin_slam_ws/install/dolphin_slam/share/dolphin_slam/scripts
[0.623s] copying scripts/comprehensive_fix_script.py -> /home/parallels/dolphin_slam_ws/install/dolphin_slam/share/dolphin_slam/scripts
[0.623s] copying scripts/dolphin_slam_fix_script.py -> /home/parallels/dolphin_slam_ws/install/dolphin_slam/share/dolphin_slam/scripts
[0.624s] copying scripts/simple_working_monitor.py -> /home/parallels/dolphin_slam_ws/install/dolphin_slam/share/dolphin_slam/scripts
[0.624s] copying scripts/dolphin_slam_fix.py -> /home/parallels/dolphin_slam_ws/install/dolphin_slam/share/dolphin_slam/scripts
[0.624s] copying scripts/final_fix_script.py -> /home/parallels/dolphin_slam_ws/install/dolphin_slam/share/dolphin_slam/scripts
[0.624s] copying scripts/visualize_results.py -> /home/parallels/dolphin_slam_ws/install/dolphin_slam/share/dolphin_slam/scripts
[0.624s] running install_egg_info
[0.625s] Copying ../../build/dolphin_slam/dolphin_slam.egg-info to /home/parallels/dolphin_slam_ws/install/dolphin_slam/lib/python3.10/site-packages/dolphin_slam-1.0.0-py3.10.egg-info
[0.626s] running install_scripts
[0.637s] Installing dataset_player_node script to /home/parallels/dolphin_slam_ws/install/dolphin_slam/lib/dolphin_slam
[0.637s] Installing experience_map_node script to /home/parallels/dolphin_slam_ws/install/dolphin_slam/lib/dolphin_slam
[0.637s] Installing image_processing_node script to /home/parallels/dolphin_slam_ws/install/dolphin_slam/lib/dolphin_slam
[0.637s] Installing image_sync_node script to /home/parallels/dolphin_slam_ws/install/dolphin_slam/lib/dolphin_slam
[0.637s] Installing local_view_node script to /home/parallels/dolphin_slam_ws/install/dolphin_slam/lib/dolphin_slam
[0.637s] Installing place_cell_node script to /home/parallels/dolphin_slam_ws/install/dolphin_slam/lib/dolphin_slam
[0.637s] Installing robot_state_node script to /home/parallels/dolphin_slam_ws/install/dolphin_slam/lib/dolphin_slam
[0.638s] writing list of installed files to '/home/parallels/dolphin_slam_ws/build/dolphin_slam/install.log'
[0.653s] Invoked command in '/home/parallels/dolphin_slam_ws/src/dolphin_slam' returned '0': PYTHONPATH=/home/parallels/dolphin_slam_ws/build/dolphin_slam/prefix_override:/usr/lib/python3/dist-packages/colcon_core/task/python/colcon_distutils_commands:/home/parallels/dolphin_slam_ws/install/dolphin_slam/lib/python3.10/site-packages:${PYTHONPATH} /usr/bin/python3 -W ignore:setup.py install is deprecated -W ignore:easy_install command is deprecated setup.py egg_info --egg-base ../../build/dolphin_slam build --build-base /home/parallels/dolphin_slam_ws/build/dolphin_slam/build install --record /home/parallels/dolphin_slam_ws/build/dolphin_slam/install.log --single-version-externally-managed install_data --force
