running develop
running egg_info
writing dolphin_slam.egg-info/PKG-INFO
writing dependency_links to dolphin_slam.egg-info/dependency_links.txt
writing entry points to dolphin_slam.egg-info/entry_points.txt
writing requirements to dolphin_slam.egg-info/requires.txt
writing top-level names to dolphin_slam.egg-info/top_level.txt
reading manifest file 'dolphin_slam.egg-info/SOURCES.txt'
writing manifest file 'dolphin_slam.egg-info/SOURCES.txt'
running build_ext
Creating /home/parallels/dolphin_slam_ws/install/dolphin_slam/lib/python3.10/site-packages/dolphin-slam.egg-link (link to .)
Installing dataset_player_node script to /home/parallels/dolphin_slam_ws/install/dolphin_slam/lib/dolphin_slam
Installing experience_map_node script to /home/parallels/dolphin_slam_ws/install/dolphin_slam/lib/dolphin_slam
Installing image_processing_node script to /home/parallels/dolphin_slam_ws/install/dolphin_slam/lib/dolphin_slam
Installing image_sync_node script to /home/parallels/dolphin_slam_ws/install/dolphin_slam/lib/dolphin_slam
Installing local_view_node script to /home/parallels/dolphin_slam_ws/install/dolphin_slam/lib/dolphin_slam
Installing place_cell_node script to /home/parallels/dolphin_slam_ws/install/dolphin_slam/lib/dolphin_slam
Installing robot_state_node script to /home/parallels/dolphin_slam_ws/install/dolphin_slam/lib/dolphin_slam

Installed /home/parallels/dolphin_slam_ws/build/dolphin_slam
running symlink_data
symbolically linking /home/parallels/dolphin_slam_ws/build/dolphin_slam/resource/dolphin_slam -> /home/parallels/dolphin_slam_ws/install/dolphin_slam/share/ament_index/resource_index/packages
symbolically linking /home/parallels/dolphin_slam_ws/build/dolphin_slam/package.xml -> /home/parallels/dolphin_slam_ws/install/dolphin_slam/share/dolphin_slam
