[0.090s] DEBUG:colcon:Command line arguments: ['/usr/bin/colcon', 'build', '--packages-select', 'dolphin_slam', '--symlink-install']
[0.090s] DEBUG:colcon:Parsed command line arguments: Namespace(log_base=None, log_level=None, verb_name='build', build_base='build', install_base='install', merge_install=False, symlink_install=True, test_result_base=None, continue_on_error=False, executor='parallel', parallel_workers=4, event_handlers=None, ignore_user_meta=False, metas=['./colcon.meta'], base_paths=['.'], packages_ignore=None, packages_ignore_regex=None, paths=None, packages_up_to=None, packages_up_to_regex=None, packages_above=None, packages_above_and_dependencies=None, packages_above_depth=None, packages_select_by_dep=None, packages_skip_by_dep=None, packages_skip_up_to=None, packages_select_build_failed=False, packages_skip_build_finished=False, packages_select_test_failures=False, packages_skip_test_passed=False, packages_select=['dolphin_slam'], packages_skip=None, packages_select_regex=None, packages_skip_regex=None, packages_start=None, packages_end=None, allow_overriding=[], cmake_args=None, cmake_target=None, cmake_target_skip_unavailable=False, cmake_clean_cache=False, cmake_clean_first=False, cmake_force_configure=False, ament_cmake_args=None, catkin_cmake_args=None, catkin_skip_building_tests=False, verb_parser=<colcon_defaults.argument_parser.defaults.DefaultArgumentsDecorator object at 0xffff9f4ccd00>, verb_extension=<colcon_core.verb.build.BuildVerb object at 0xffff9f6021d0>, main=<bound method BuildVerb.main of <colcon_core.verb.build.BuildVerb object at 0xffff9f6021d0>>)
[0.333s] Level 1:colcon.colcon_core.package_discovery:discover_packages(colcon_meta) check parameters
[0.333s] Level 1:colcon.colcon_core.package_discovery:discover_packages(recursive) check parameters
[0.333s] Level 1:colcon.colcon_core.package_discovery:discover_packages(ignore) check parameters
[0.333s] Level 1:colcon.colcon_core.package_discovery:discover_packages(path) check parameters
[0.333s] Level 1:colcon.colcon_core.package_discovery:discover_packages(colcon_meta) discover
[0.333s] Level 1:colcon.colcon_core.package_discovery:discover_packages(recursive) discover
[0.333s] INFO:colcon.colcon_core.package_discovery:Crawling recursively for packages in '/home/parallels/dolphin_slam_ws'
[0.333s] Level 1:colcon.colcon_core.package_identification:_identify(.) by extensions ['ignore', 'ignore_ament_install']
[0.333s] Level 1:colcon.colcon_core.package_identification:_identify(.) by extension 'ignore'
[0.333s] Level 1:colcon.colcon_core.package_identification:_identify(.) by extension 'ignore_ament_install'
[0.333s] Level 1:colcon.colcon_core.package_identification:_identify(.) by extensions ['colcon_pkg']
[0.333s] Level 1:colcon.colcon_core.package_identification:_identify(.) by extension 'colcon_pkg'
[0.333s] Level 1:colcon.colcon_core.package_identification:_identify(.) by extensions ['colcon_meta']
[0.333s] Level 1:colcon.colcon_core.package_identification:_identify(.) by extension 'colcon_meta'
[0.333s] Level 1:colcon.colcon_core.package_identification:_identify(.) by extensions ['ros']
[0.334s] Level 1:colcon.colcon_core.package_identification:_identify(.) by extension 'ros'
[0.343s] Level 1:colcon.colcon_core.package_identification:_identify(.) by extensions ['cmake', 'python']
[0.343s] Level 1:colcon.colcon_core.package_identification:_identify(.) by extension 'cmake'
[0.343s] Level 1:colcon.colcon_core.package_identification:_identify(.) by extension 'python'
[0.343s] Level 1:colcon.colcon_core.package_identification:_identify(.) by extensions ['python_setup_py']
[0.343s] Level 1:colcon.colcon_core.package_identification:_identify(.) by extension 'python_setup_py'
[0.343s] Level 1:colcon.colcon_core.package_identification:_identify(backup_20250702_160704) by extensions ['ignore', 'ignore_ament_install']
[0.343s] Level 1:colcon.colcon_core.package_identification:_identify(backup_20250702_160704) by extension 'ignore'
[0.343s] Level 1:colcon.colcon_core.package_identification:_identify(backup_20250702_160704) by extension 'ignore_ament_install'
[0.343s] Level 1:colcon.colcon_core.package_identification:_identify(backup_20250702_160704) by extensions ['colcon_pkg']
[0.343s] Level 1:colcon.colcon_core.package_identification:_identify(backup_20250702_160704) by extension 'colcon_pkg'
[0.343s] Level 1:colcon.colcon_core.package_identification:_identify(backup_20250702_160704) by extensions ['colcon_meta']
[0.343s] Level 1:colcon.colcon_core.package_identification:_identify(backup_20250702_160704) by extension 'colcon_meta'
[0.343s] Level 1:colcon.colcon_core.package_identification:_identify(backup_20250702_160704) by extensions ['ros']
[0.343s] Level 1:colcon.colcon_core.package_identification:_identify(backup_20250702_160704) by extension 'ros'
[0.343s] Level 1:colcon.colcon_core.package_identification:_identify(backup_20250702_160704) by extensions ['cmake', 'python']
[0.343s] Level 1:colcon.colcon_core.package_identification:_identify(backup_20250702_160704) by extension 'cmake'
[0.343s] Level 1:colcon.colcon_core.package_identification:_identify(backup_20250702_160704) by extension 'python'
[0.343s] Level 1:colcon.colcon_core.package_identification:_identify(backup_20250702_160704) by extensions ['python_setup_py']
[0.343s] Level 1:colcon.colcon_core.package_identification:_identify(backup_20250702_160704) by extension 'python_setup_py'
[0.343s] Level 1:colcon.colcon_core.package_identification:_identify(backup_comprehensive_20250702_162823) by extensions ['ignore', 'ignore_ament_install']
[0.343s] Level 1:colcon.colcon_core.package_identification:_identify(backup_comprehensive_20250702_162823) by extension 'ignore'
[0.343s] Level 1:colcon.colcon_core.package_identification:_identify(backup_comprehensive_20250702_162823) by extension 'ignore_ament_install'
[0.344s] Level 1:colcon.colcon_core.package_identification:_identify(backup_comprehensive_20250702_162823) by extensions ['colcon_pkg']
[0.344s] Level 1:colcon.colcon_core.package_identification:_identify(backup_comprehensive_20250702_162823) by extension 'colcon_pkg'
[0.344s] Level 1:colcon.colcon_core.package_identification:_identify(backup_comprehensive_20250702_162823) by extensions ['colcon_meta']
[0.344s] Level 1:colcon.colcon_core.package_identification:_identify(backup_comprehensive_20250702_162823) by extension 'colcon_meta'
[0.344s] Level 1:colcon.colcon_core.package_identification:_identify(backup_comprehensive_20250702_162823) by extensions ['ros']
[0.344s] Level 1:colcon.colcon_core.package_identification:_identify(backup_comprehensive_20250702_162823) by extension 'ros'
[0.344s] Level 1:colcon.colcon_core.package_identification:_identify(backup_comprehensive_20250702_162823) by extensions ['cmake', 'python']
[0.344s] Level 1:colcon.colcon_core.package_identification:_identify(backup_comprehensive_20250702_162823) by extension 'cmake'
[0.344s] Level 1:colcon.colcon_core.package_identification:_identify(backup_comprehensive_20250702_162823) by extension 'python'
[0.344s] Level 1:colcon.colcon_core.package_identification:_identify(backup_comprehensive_20250702_162823) by extensions ['python_setup_py']
[0.344s] Level 1:colcon.colcon_core.package_identification:_identify(backup_comprehensive_20250702_162823) by extension 'python_setup_py'
[0.344s] Level 1:colcon.colcon_core.package_identification:_identify(build) by extensions ['ignore', 'ignore_ament_install']
[0.344s] Level 1:colcon.colcon_core.package_identification:_identify(build) by extension 'ignore'
[0.344s] Level 1:colcon.colcon_core.package_identification:_identify(build) ignored
[0.344s] Level 1:colcon.colcon_core.package_identification:_identify(install) by extensions ['ignore', 'ignore_ament_install']
[0.344s] Level 1:colcon.colcon_core.package_identification:_identify(install) by extension 'ignore'
[0.344s] Level 1:colcon.colcon_core.package_identification:_identify(install) ignored
[0.344s] Level 1:colcon.colcon_core.package_identification:_identify(log) by extensions ['ignore', 'ignore_ament_install']
[0.344s] Level 1:colcon.colcon_core.package_identification:_identify(log) by extension 'ignore'
[0.344s] Level 1:colcon.colcon_core.package_identification:_identify(log) ignored
[0.344s] Level 1:colcon.colcon_core.package_identification:_identify(src) by extensions ['ignore', 'ignore_ament_install']
[0.344s] Level 1:colcon.colcon_core.package_identification:_identify(src) by extension 'ignore'
[0.344s] Level 1:colcon.colcon_core.package_identification:_identify(src) by extension 'ignore_ament_install'
[0.344s] Level 1:colcon.colcon_core.package_identification:_identify(src) by extensions ['colcon_pkg']
[0.344s] Level 1:colcon.colcon_core.package_identification:_identify(src) by extension 'colcon_pkg'
[0.344s] Level 1:colcon.colcon_core.package_identification:_identify(src) by extensions ['colcon_meta']
[0.344s] Level 1:colcon.colcon_core.package_identification:_identify(src) by extension 'colcon_meta'
[0.344s] Level 1:colcon.colcon_core.package_identification:_identify(src) by extensions ['ros']
[0.344s] Level 1:colcon.colcon_core.package_identification:_identify(src) by extension 'ros'
[0.344s] Level 1:colcon.colcon_core.package_identification:_identify(src) by extensions ['cmake', 'python']
[0.344s] Level 1:colcon.colcon_core.package_identification:_identify(src) by extension 'cmake'
[0.344s] Level 1:colcon.colcon_core.package_identification:_identify(src) by extension 'python'
[0.344s] Level 1:colcon.colcon_core.package_identification:_identify(src) by extensions ['python_setup_py']
[0.344s] Level 1:colcon.colcon_core.package_identification:_identify(src) by extension 'python_setup_py'
[0.344s] Level 1:colcon.colcon_core.package_identification:_identify(src/dolphin_slam) by extensions ['ignore', 'ignore_ament_install']
[0.344s] Level 1:colcon.colcon_core.package_identification:_identify(src/dolphin_slam) by extension 'ignore'
[0.344s] Level 1:colcon.colcon_core.package_identification:_identify(src/dolphin_slam) by extension 'ignore_ament_install'
[0.344s] Level 1:colcon.colcon_core.package_identification:_identify(src/dolphin_slam) by extensions ['colcon_pkg']
[0.344s] Level 1:colcon.colcon_core.package_identification:_identify(src/dolphin_slam) by extension 'colcon_pkg'
[0.344s] Level 1:colcon.colcon_core.package_identification:_identify(src/dolphin_slam) by extensions ['colcon_meta']
[0.344s] Level 1:colcon.colcon_core.package_identification:_identify(src/dolphin_slam) by extension 'colcon_meta'
[0.344s] Level 1:colcon.colcon_core.package_identification:_identify(src/dolphin_slam) by extensions ['ros']
[0.344s] Level 1:colcon.colcon_core.package_identification:_identify(src/dolphin_slam) by extension 'ros'
[0.347s] DEBUG:colcon.colcon_core.package_identification:Package 'src/dolphin_slam' with type 'ros.ament_python' and name 'dolphin_slam'
[0.347s] Level 1:colcon.colcon_core.package_discovery:discover_packages(recursive) using defaults
[0.347s] Level 1:colcon.colcon_core.package_discovery:discover_packages(ignore) discover
[0.347s] Level 1:colcon.colcon_core.package_discovery:discover_packages(ignore) using defaults
[0.347s] Level 1:colcon.colcon_core.package_discovery:discover_packages(path) discover
[0.347s] Level 1:colcon.colcon_core.package_discovery:discover_packages(path) using defaults
[0.369s] Level 1:colcon.colcon_core.package_discovery:discover_packages(prefix_path) check parameters
[0.369s] Level 1:colcon.colcon_core.package_discovery:discover_packages(prefix_path) discover
[0.370s] WARNING:colcon.colcon_ros.prefix_path.ament:The path '/home/parallels/dolphin_slam_ws/install/dolphin_slam' in the environment variable AMENT_PREFIX_PATH doesn't exist
[0.371s] DEBUG:colcon.colcon_installed_package_information.package_discovery:Found 0 installed packages in /home/parallels/dolphin_slam_ws/install
[0.372s] DEBUG:colcon.colcon_installed_package_information.package_discovery:Found 287 installed packages in /opt/ros/humble
[0.373s] Level 1:colcon.colcon_core.package_discovery:discover_packages(prefix_path) using defaults
[0.426s] Level 5:colcon.colcon_core.verb:set package 'dolphin_slam' build argument 'cmake_args' from command line to 'None'
[0.426s] Level 5:colcon.colcon_core.verb:set package 'dolphin_slam' build argument 'cmake_target' from command line to 'None'
[0.426s] Level 5:colcon.colcon_core.verb:set package 'dolphin_slam' build argument 'cmake_target_skip_unavailable' from command line to 'False'
[0.426s] Level 5:colcon.colcon_core.verb:set package 'dolphin_slam' build argument 'cmake_clean_cache' from command line to 'False'
[0.426s] Level 5:colcon.colcon_core.verb:set package 'dolphin_slam' build argument 'cmake_clean_first' from command line to 'False'
[0.426s] Level 5:colcon.colcon_core.verb:set package 'dolphin_slam' build argument 'cmake_force_configure' from command line to 'False'
[0.426s] Level 5:colcon.colcon_core.verb:set package 'dolphin_slam' build argument 'ament_cmake_args' from command line to 'None'
[0.426s] Level 5:colcon.colcon_core.verb:set package 'dolphin_slam' build argument 'catkin_cmake_args' from command line to 'None'
[0.426s] Level 5:colcon.colcon_core.verb:set package 'dolphin_slam' build argument 'catkin_skip_building_tests' from command line to 'False'
[0.426s] DEBUG:colcon.colcon_core.verb:Building package 'dolphin_slam' with the following arguments: {'ament_cmake_args': None, 'build_base': '/home/parallels/dolphin_slam_ws/build/dolphin_slam', 'catkin_cmake_args': None, 'catkin_skip_building_tests': False, 'cmake_args': None, 'cmake_clean_cache': False, 'cmake_clean_first': False, 'cmake_force_configure': False, 'cmake_target': None, 'cmake_target_skip_unavailable': False, 'install_base': '/home/parallels/dolphin_slam_ws/install/dolphin_slam', 'merge_install': False, 'path': '/home/parallels/dolphin_slam_ws/src/dolphin_slam', 'symlink_install': True, 'test_result_base': None}
[0.426s] INFO:colcon.colcon_core.executor:Executing jobs using 'parallel' executor
[0.427s] DEBUG:colcon.colcon_parallel_executor.executor.parallel:run_until_complete
[0.427s] INFO:colcon.colcon_ros.task.ament_python.build:Building ROS package in '/home/parallels/dolphin_slam_ws/src/dolphin_slam' with build type 'ament_python'
[0.427s] Level 1:colcon.colcon_core.shell:create_environment_hook('dolphin_slam', 'ament_prefix_path')
[0.429s] INFO:colcon.colcon_core.plugin_system:Skipping extension 'colcon_core.shell.bat': Not used on non-Windows systems
[0.429s] INFO:colcon.colcon_core.shell:Creating environment hook '/home/parallels/dolphin_slam_ws/install/dolphin_slam/share/dolphin_slam/hook/ament_prefix_path.ps1'
[0.429s] INFO:colcon.colcon_core.shell:Creating environment descriptor '/home/parallels/dolphin_slam_ws/install/dolphin_slam/share/dolphin_slam/hook/ament_prefix_path.dsv'
[0.430s] INFO:colcon.colcon_core.shell:Creating environment hook '/home/parallels/dolphin_slam_ws/install/dolphin_slam/share/dolphin_slam/hook/ament_prefix_path.sh'
[0.430s] INFO:colcon.colcon_core.shell:Skip shell extension 'powershell' for command environment: Not usable outside of PowerShell
[0.430s] DEBUG:colcon.colcon_core.shell:Skip shell extension 'dsv' for command environment
[0.546s] INFO:colcon.colcon_core.task.python.build:Building Python package in '/home/parallels/dolphin_slam_ws/src/dolphin_slam'
[0.546s] INFO:colcon.colcon_core.shell:Skip shell extension 'powershell' for command environment: Not usable outside of PowerShell
[0.546s] DEBUG:colcon.colcon_core.shell:Skip shell extension 'dsv' for command environment
[0.742s] DEBUG:colcon.colcon_core.event_handler.log_command:Invoking command in '/home/parallels/dolphin_slam_ws/build/dolphin_slam': PYTHONPATH=/home/parallels/dolphin_slam_ws/build/dolphin_slam/prefix_override:/usr/lib/python3/dist-packages/colcon_core/task/python/colcon_distutils_commands:/home/parallels/dolphin_slam_ws/install/dolphin_slam/lib/python3.10/site-packages:${PYTHONPATH} /usr/bin/python3 -W ignore:setup.py install is deprecated -W ignore:easy_install command is deprecated setup.py develop --editable --build-directory /home/parallels/dolphin_slam_ws/build/dolphin_slam/build --no-deps symlink_data
[0.923s] Level 1:colcon.colcon_core.shell:create_environment_hook('dolphin_slam', 'pythonpath_develop')
[0.923s] INFO:colcon.colcon_core.shell:Creating environment hook '/home/parallels/dolphin_slam_ws/build/dolphin_slam/share/dolphin_slam/hook/pythonpath_develop.ps1'
[0.923s] DEBUG:colcon.colcon_core.event_handler.log_command:Invoked command in '/home/parallels/dolphin_slam_ws/build/dolphin_slam' returned '0': PYTHONPATH=/home/parallels/dolphin_slam_ws/build/dolphin_slam/prefix_override:/usr/lib/python3/dist-packages/colcon_core/task/python/colcon_distutils_commands:/home/parallels/dolphin_slam_ws/install/dolphin_slam/lib/python3.10/site-packages:${PYTHONPATH} /usr/bin/python3 -W ignore:setup.py install is deprecated -W ignore:easy_install command is deprecated setup.py develop --editable --build-directory /home/parallels/dolphin_slam_ws/build/dolphin_slam/build --no-deps symlink_data
[0.924s] INFO:colcon.colcon_core.shell:Creating environment descriptor '/home/parallels/dolphin_slam_ws/build/dolphin_slam/share/dolphin_slam/hook/pythonpath_develop.dsv'
[0.924s] INFO:colcon.colcon_core.shell:Creating environment hook '/home/parallels/dolphin_slam_ws/build/dolphin_slam/share/dolphin_slam/hook/pythonpath_develop.sh'
[0.926s] Level 1:colcon.colcon_core.environment:checking '/home/parallels/dolphin_slam_ws/install/dolphin_slam' for CMake module files
[0.927s] Level 1:colcon.colcon_core.environment:checking '/home/parallels/dolphin_slam_ws/install/dolphin_slam' for CMake config files
[0.927s] Level 1:colcon.colcon_core.environment:checking '/home/parallels/dolphin_slam_ws/install/dolphin_slam/lib'
[0.927s] Level 1:colcon.colcon_core.environment:checking '/home/parallels/dolphin_slam_ws/install/dolphin_slam/bin'
[0.927s] Level 1:colcon.colcon_core.environment:checking '/home/parallels/dolphin_slam_ws/install/dolphin_slam/lib/pkgconfig/dolphin_slam.pc'
[0.927s] Level 1:colcon.colcon_core.environment:checking '/home/parallels/dolphin_slam_ws/install/dolphin_slam/lib/python3.10/site-packages'
[0.927s] Level 1:colcon.colcon_core.shell:create_environment_hook('dolphin_slam', 'pythonpath')
[0.927s] INFO:colcon.colcon_core.shell:Creating environment hook '/home/parallels/dolphin_slam_ws/install/dolphin_slam/share/dolphin_slam/hook/pythonpath.ps1'
[0.927s] INFO:colcon.colcon_core.shell:Creating environment descriptor '/home/parallels/dolphin_slam_ws/install/dolphin_slam/share/dolphin_slam/hook/pythonpath.dsv'
[0.927s] INFO:colcon.colcon_core.shell:Creating environment hook '/home/parallels/dolphin_slam_ws/install/dolphin_slam/share/dolphin_slam/hook/pythonpath.sh'
[0.928s] Level 1:colcon.colcon_core.environment:checking '/home/parallels/dolphin_slam_ws/install/dolphin_slam/bin'
[0.928s] Level 1:colcon.colcon_core.environment:create_environment_scripts_only(dolphin_slam)
[0.928s] INFO:colcon.colcon_core.shell:Creating package script '/home/parallels/dolphin_slam_ws/install/dolphin_slam/share/dolphin_slam/package.ps1'
[0.928s] INFO:colcon.colcon_core.shell:Creating package descriptor '/home/parallels/dolphin_slam_ws/install/dolphin_slam/share/dolphin_slam/package.dsv'
[0.929s] INFO:colcon.colcon_core.shell:Creating package script '/home/parallels/dolphin_slam_ws/install/dolphin_slam/share/dolphin_slam/package.sh'
[0.929s] INFO:colcon.colcon_core.shell:Creating package script '/home/parallels/dolphin_slam_ws/install/dolphin_slam/share/dolphin_slam/package.bash'
[0.930s] INFO:colcon.colcon_core.shell:Creating package script '/home/parallels/dolphin_slam_ws/install/dolphin_slam/share/dolphin_slam/package.zsh'
[0.931s] Level 1:colcon.colcon_core.environment:create_file_with_runtime_dependencies(/home/parallels/dolphin_slam_ws/install/dolphin_slam/share/colcon-core/packages/dolphin_slam)
[0.931s] DEBUG:colcon.colcon_parallel_executor.executor.parallel:closing loop
[0.931s] DEBUG:colcon.colcon_parallel_executor.executor.parallel:loop closed
[0.931s] DEBUG:colcon.colcon_parallel_executor.executor.parallel:run_until_complete finished with '0'
[0.931s] DEBUG:colcon.colcon_core.event_reactor:joining thread
[0.935s] INFO:colcon.colcon_core.plugin_system:Skipping extension 'colcon_notification.desktop_notification.terminal_notifier': Not used on non-Darwin systems
[0.935s] INFO:colcon.colcon_core.plugin_system:Skipping extension 'colcon_notification.desktop_notification.win32': Not used on non-Windows systems
[0.935s] INFO:colcon.colcon_notification.desktop_notification:Sending desktop notification using 'notify2'
[0.947s] DEBUG:colcon.colcon_core.event_reactor:joined thread
[0.947s] INFO:colcon.colcon_core.shell:Creating prefix script '/home/parallels/dolphin_slam_ws/install/local_setup.ps1'
[0.948s] INFO:colcon.colcon_core.shell:Creating prefix util module '/home/parallels/dolphin_slam_ws/install/_local_setup_util_ps1.py'
[0.948s] INFO:colcon.colcon_core.shell:Creating prefix chain script '/home/parallels/dolphin_slam_ws/install/setup.ps1'
[0.949s] INFO:colcon.colcon_core.shell:Creating prefix script '/home/parallels/dolphin_slam_ws/install/local_setup.sh'
[0.949s] INFO:colcon.colcon_core.shell:Creating prefix util module '/home/parallels/dolphin_slam_ws/install/_local_setup_util_sh.py'
[0.950s] INFO:colcon.colcon_core.shell:Creating prefix chain script '/home/parallels/dolphin_slam_ws/install/setup.sh'
[0.950s] INFO:colcon.colcon_core.shell:Creating prefix script '/home/parallels/dolphin_slam_ws/install/local_setup.bash'
[0.950s] INFO:colcon.colcon_core.shell:Creating prefix chain script '/home/parallels/dolphin_slam_ws/install/setup.bash'
[0.951s] INFO:colcon.colcon_core.shell:Creating prefix script '/home/parallels/dolphin_slam_ws/install/local_setup.zsh'
[0.951s] INFO:colcon.colcon_core.shell:Creating prefix chain script '/home/parallels/dolphin_slam_ws/install/setup.zsh'
