running develop
running egg_info
creating dolphin_slam.egg-info
writing dolphin_slam.egg-info/PKG-INFO
writing dependency_links to dolphin_slam.egg-info/dependency_links.txt
writing entry points to dolphin_slam.egg-info/entry_points.txt
writing requirements to dolphin_slam.egg-info/requires.txt
writing top-level names to dolphin_slam.egg-info/top_level.txt
writing manifest file 'dolphin_slam.egg-info/SOURCES.txt'
reading manifest file 'dolphin_slam.egg-info/SOURCES.txt'
writing manifest file 'dolphin_slam.egg-info/SOURCES.txt'
running build_ext
Creating /home/parallels/dolphin_slam_ws/install/dolphin_slam/lib/python3.10/site-packages/dolphin-slam.egg-link (link to .)
Installing dataset_player_node script to /home/parallels/dolphin_slam_ws/install/dolphin_slam/lib/dolphin_slam
Installing experience_map_node script to /home/parallels/dolphin_slam_ws/install/dolphin_slam/lib/dolphin_slam
Installing image_processing_node script to /home/parallels/dolphin_slam_ws/install/dolphin_slam/lib/dolphin_slam
Installing local_view_node script to /home/parallels/dolphin_slam_ws/install/dolphin_slam/lib/dolphin_slam
Installing place_cell_node script to /home/parallels/dolphin_slam_ws/install/dolphin_slam/lib/dolphin_slam
Installing robot_state_node script to /home/parallels/dolphin_slam_ws/install/dolphin_slam/lib/dolphin_slam

Installed /home/parallels/dolphin_slam_ws/build/dolphin_slam
running symlink_data
creating /home/parallels/dolphin_slam_ws/install/dolphin_slam/share/ament_index
creating /home/parallels/dolphin_slam_ws/install/dolphin_slam/share/ament_index/resource_index
creating /home/parallels/dolphin_slam_ws/install/dolphin_slam/share/ament_index/resource_index/packages
symbolically linking /home/parallels/dolphin_slam_ws/build/dolphin_slam/resource/dolphin_slam -> /home/parallels/dolphin_slam_ws/install/dolphin_slam/share/ament_index/resource_index/packages
symbolically linking /home/parallels/dolphin_slam_ws/build/dolphin_slam/package.xml -> /home/parallels/dolphin_slam_ws/install/dolphin_slam/share/dolphin_slam
creating /home/parallels/dolphin_slam_ws/install/dolphin_slam/share/dolphin_slam/launch
symbolically linking /home/parallels/dolphin_slam_ws/build/dolphin_slam/launch/dolphin_slam_launch.py -> /home/parallels/dolphin_slam_ws/install/dolphin_slam/share/dolphin_slam/launch
symbolically linking /home/parallels/dolphin_slam_ws/build/dolphin_slam/launch/dolphin_slam_sim_launch.py -> /home/parallels/dolphin_slam_ws/install/dolphin_slam/share/dolphin_slam/launch
symbolically linking /home/parallels/dolphin_slam_ws/build/dolphin_slam/launch/dolphin_slam_launch.py.backup -> /home/parallels/dolphin_slam_ws/install/dolphin_slam/share/dolphin_slam/launch
creating /home/parallels/dolphin_slam_ws/install/dolphin_slam/share/dolphin_slam/config
symbolically linking /home/parallels/dolphin_slam_ws/build/dolphin_slam/config/dolphin_slam_params.yaml -> /home/parallels/dolphin_slam_ws/install/dolphin_slam/share/dolphin_slam/config
symbolically linking /home/parallels/dolphin_slam_ws/build/dolphin_slam/config/sim_waypoints.yaml -> /home/parallels/dolphin_slam_ws/install/dolphin_slam/share/dolphin_slam/config
symbolically linking /home/parallels/dolphin_slam_ws/build/dolphin_slam/config/camera_calibration.yaml -> /home/parallels/dolphin_slam_ws/install/dolphin_slam/share/dolphin_slam/config
symbolically linking /home/parallels/dolphin_slam_ws/build/dolphin_slam/config/dolphin_slam_sim_params.yaml -> /home/parallels/dolphin_slam_ws/install/dolphin_slam/share/dolphin_slam/config
creating /home/parallels/dolphin_slam_ws/install/dolphin_slam/share/dolphin_slam/rviz
symbolically linking /home/parallels/dolphin_slam_ws/build/dolphin_slam/rviz/dolphin_slam_sim.rviz -> /home/parallels/dolphin_slam_ws/install/dolphin_slam/share/dolphin_slam/rviz
symbolically linking /home/parallels/dolphin_slam_ws/build/dolphin_slam/rviz/dolphin_slam.rviz -> /home/parallels/dolphin_slam_ws/install/dolphin_slam/share/dolphin_slam/rviz
