[0.357s] Invoking command in '/home/parallels/dolphin_slam_ws/build/dolphin_slam': PYTHONPATH=/home/parallels/dolphin_slam_ws/build/dolphin_slam/prefix_override:/usr/lib/python3/dist-packages/colcon_core/task/python/colcon_distutils_commands:/home/parallels/dolphin_slam_ws/install/dolphin_slam/lib/python3.10/site-packages:${PYTHONPATH} /usr/bin/python3 -W ignore:setup.py install is deprecated -W ignore:easy_install command is deprecated setup.py develop --editable --build-directory /home/parallels/dolphin_slam_ws/build/dolphin_slam/build --no-deps symlink_data
[0.479s] running develop
[0.553s] running egg_info
[0.553s] creating dolphin_slam.egg-info
[0.553s] writing dolphin_slam.egg-info/PKG-INFO
[0.553s] writing dependency_links to dolphin_slam.egg-info/dependency_links.txt
[0.553s] writing entry points to dolphin_slam.egg-info/entry_points.txt
[0.553s] writing requirements to dolphin_slam.egg-info/requires.txt
[0.553s] writing top-level names to dolphin_slam.egg-info/top_level.txt
[0.553s] writing manifest file 'dolphin_slam.egg-info/SOURCES.txt'
[0.554s] reading manifest file 'dolphin_slam.egg-info/SOURCES.txt'
[0.554s] writing manifest file 'dolphin_slam.egg-info/SOURCES.txt'
[0.555s] running build_ext
[0.555s] Creating /home/parallels/dolphin_slam_ws/install/dolphin_slam/lib/python3.10/site-packages/dolphin-slam.egg-link (link to .)
[0.556s] Installing dataset_player_node script to /home/parallels/dolphin_slam_ws/install/dolphin_slam/lib/dolphin_slam
[0.556s] Installing experience_map_node script to /home/parallels/dolphin_slam_ws/install/dolphin_slam/lib/dolphin_slam
[0.556s] Installing image_processing_node script to /home/parallels/dolphin_slam_ws/install/dolphin_slam/lib/dolphin_slam
[0.556s] Installing local_view_node script to /home/parallels/dolphin_slam_ws/install/dolphin_slam/lib/dolphin_slam
[0.556s] Installing place_cell_node script to /home/parallels/dolphin_slam_ws/install/dolphin_slam/lib/dolphin_slam
[0.556s] Installing robot_state_node script to /home/parallels/dolphin_slam_ws/install/dolphin_slam/lib/dolphin_slam
[0.556s] 
[0.556s] Installed /home/parallels/dolphin_slam_ws/build/dolphin_slam
[0.556s] running symlink_data
[0.556s] creating /home/parallels/dolphin_slam_ws/install/dolphin_slam/share/ament_index
[0.556s] creating /home/parallels/dolphin_slam_ws/install/dolphin_slam/share/ament_index/resource_index
[0.556s] creating /home/parallels/dolphin_slam_ws/install/dolphin_slam/share/ament_index/resource_index/packages
[0.556s] symbolically linking /home/parallels/dolphin_slam_ws/build/dolphin_slam/resource/dolphin_slam -> /home/parallels/dolphin_slam_ws/install/dolphin_slam/share/ament_index/resource_index/packages
[0.557s] symbolically linking /home/parallels/dolphin_slam_ws/build/dolphin_slam/package.xml -> /home/parallels/dolphin_slam_ws/install/dolphin_slam/share/dolphin_slam
[0.557s] creating /home/parallels/dolphin_slam_ws/install/dolphin_slam/share/dolphin_slam/launch
[0.557s] symbolically linking /home/parallels/dolphin_slam_ws/build/dolphin_slam/launch/dolphin_slam_launch.py -> /home/parallels/dolphin_slam_ws/install/dolphin_slam/share/dolphin_slam/launch
[0.557s] symbolically linking /home/parallels/dolphin_slam_ws/build/dolphin_slam/launch/dolphin_slam_sim_launch.py -> /home/parallels/dolphin_slam_ws/install/dolphin_slam/share/dolphin_slam/launch
[0.557s] symbolically linking /home/parallels/dolphin_slam_ws/build/dolphin_slam/launch/dolphin_slam_launch.py.backup -> /home/parallels/dolphin_slam_ws/install/dolphin_slam/share/dolphin_slam/launch
[0.557s] creating /home/parallels/dolphin_slam_ws/install/dolphin_slam/share/dolphin_slam/config
[0.557s] symbolically linking /home/parallels/dolphin_slam_ws/build/dolphin_slam/config/dolphin_slam_params.yaml -> /home/parallels/dolphin_slam_ws/install/dolphin_slam/share/dolphin_slam/config
[0.557s] symbolically linking /home/parallels/dolphin_slam_ws/build/dolphin_slam/config/sim_waypoints.yaml -> /home/parallels/dolphin_slam_ws/install/dolphin_slam/share/dolphin_slam/config
[0.557s] symbolically linking /home/parallels/dolphin_slam_ws/build/dolphin_slam/config/camera_calibration.yaml -> /home/parallels/dolphin_slam_ws/install/dolphin_slam/share/dolphin_slam/config
[0.557s] symbolically linking /home/parallels/dolphin_slam_ws/build/dolphin_slam/config/dolphin_slam_sim_params.yaml -> /home/parallels/dolphin_slam_ws/install/dolphin_slam/share/dolphin_slam/config
[0.557s] creating /home/parallels/dolphin_slam_ws/install/dolphin_slam/share/dolphin_slam/rviz
[0.557s] symbolically linking /home/parallels/dolphin_slam_ws/build/dolphin_slam/rviz/dolphin_slam_sim.rviz -> /home/parallels/dolphin_slam_ws/install/dolphin_slam/share/dolphin_slam/rviz
[0.557s] symbolically linking /home/parallels/dolphin_slam_ws/build/dolphin_slam/rviz/dolphin_slam.rviz -> /home/parallels/dolphin_slam_ws/install/dolphin_slam/share/dolphin_slam/rviz
[0.572s] Invoked command in '/home/parallels/dolphin_slam_ws/build/dolphin_slam' returned '0': PYTHONPATH=/home/parallels/dolphin_slam_ws/build/dolphin_slam/prefix_override:/usr/lib/python3/dist-packages/colcon_core/task/python/colcon_distutils_commands:/home/parallels/dolphin_slam_ws/install/dolphin_slam/lib/python3.10/site-packages:${PYTHONPATH} /usr/bin/python3 -W ignore:setup.py install is deprecated -W ignore:easy_install command is deprecated setup.py develop --editable --build-directory /home/parallels/dolphin_slam_ws/build/dolphin_slam/build --no-deps symlink_data
