[0.322s] Invoking command in '/home/parallels/dolphin_slam_ws/src/dolphin_slam': PYTHONPATH=/home/parallels/dolphin_slam_ws/build/dolphin_slam/prefix_override:/usr/lib/python3/dist-packages/colcon_core/task/python/colcon_distutils_commands:/home/parallels/dolphin_slam_ws/install/dolphin_slam/lib/python3.10/site-packages:${PYTHONPATH} /usr/bin/python3 -W ignore:setup.py install is deprecated -W ignore:easy_install command is deprecated setup.py egg_info --egg-base ../../build/dolphin_slam build --build-base /home/parallels/dolphin_slam_ws/build/dolphin_slam/build install --record /home/parallels/dolphin_slam_ws/build/dolphin_slam/install.log --single-version-externally-managed install_data
[0.420s] running egg_info
[0.420s] writing ../../build/dolphin_slam/dolphin_slam.egg-info/PKG-INFO
[0.420s] writing dependency_links to ../../build/dolphin_slam/dolphin_slam.egg-info/dependency_links.txt
[0.420s] writing entry points to ../../build/dolphin_slam/dolphin_slam.egg-info/entry_points.txt
[0.421s] writing requirements to ../../build/dolphin_slam/dolphin_slam.egg-info/requires.txt
[0.421s] writing top-level names to ../../build/dolphin_slam/dolphin_slam.egg-info/top_level.txt
[0.422s] reading manifest file '../../build/dolphin_slam/dolphin_slam.egg-info/SOURCES.txt'
[0.422s] adding license file 'LICENSE.txt'
[0.422s] writing manifest file '../../build/dolphin_slam/dolphin_slam.egg-info/SOURCES.txt'
[0.422s] running build
[0.423s] running build_py
[0.423s] copying dolphin_slam/unified_data_controller.py -> /home/parallels/dolphin_slam_ws/build/dolphin_slam/build/lib/dolphin_slam
[0.424s] copying nodes/unified_data_controller.py -> /home/parallels/dolphin_slam_ws/build/dolphin_slam/build/lib/nodes
[0.424s] running install
[0.424s] running install_lib
[0.425s] copying /home/parallels/dolphin_slam_ws/build/dolphin_slam/build/lib/dolphin_slam/unified_data_controller.py -> /home/parallels/dolphin_slam_ws/install/dolphin_slam/lib/python3.10/site-packages/dolphin_slam
[0.425s] copying /home/parallels/dolphin_slam_ws/build/dolphin_slam/build/lib/nodes/unified_data_controller.py -> /home/parallels/dolphin_slam_ws/install/dolphin_slam/lib/python3.10/site-packages/nodes
[0.426s] byte-compiling /home/parallels/dolphin_slam_ws/install/dolphin_slam/lib/python3.10/site-packages/dolphin_slam/unified_data_controller.py to unified_data_controller.cpython-310.pyc
[0.427s] byte-compiling /home/parallels/dolphin_slam_ws/install/dolphin_slam/lib/python3.10/site-packages/nodes/unified_data_controller.py to unified_data_controller.cpython-310.pyc
[0.429s] running install_data
[0.429s] running install_egg_info
[0.430s] removing '/home/parallels/dolphin_slam_ws/install/dolphin_slam/lib/python3.10/site-packages/dolphin_slam-1.0.0-py3.10.egg-info' (and everything under it)
[0.430s] Copying ../../build/dolphin_slam/dolphin_slam.egg-info to /home/parallels/dolphin_slam_ws/install/dolphin_slam/lib/python3.10/site-packages/dolphin_slam-1.0.0-py3.10.egg-info
[0.431s] running install_scripts
[0.440s] Installing dataset_player_node script to /home/parallels/dolphin_slam_ws/install/dolphin_slam/lib/dolphin_slam
[0.441s] Installing experience_map_node script to /home/parallels/dolphin_slam_ws/install/dolphin_slam/lib/dolphin_slam
[0.441s] Installing image_processing_node script to /home/parallels/dolphin_slam_ws/install/dolphin_slam/lib/dolphin_slam
[0.441s] Installing image_sync_node script to /home/parallels/dolphin_slam_ws/install/dolphin_slam/lib/dolphin_slam
[0.441s] Installing local_view_node script to /home/parallels/dolphin_slam_ws/install/dolphin_slam/lib/dolphin_slam
[0.441s] Installing place_cell_node script to /home/parallels/dolphin_slam_ws/install/dolphin_slam/lib/dolphin_slam
[0.441s] Installing robot_state_node script to /home/parallels/dolphin_slam_ws/install/dolphin_slam/lib/dolphin_slam
[0.441s] Installing system_stop_monitor script to /home/parallels/dolphin_slam_ws/install/dolphin_slam/lib/dolphin_slam
[0.441s] Installing unified_data_controller script to /home/parallels/dolphin_slam_ws/install/dolphin_slam/lib/dolphin_slam
[0.441s] writing list of installed files to '/home/parallels/dolphin_slam_ws/build/dolphin_slam/install.log'
[0.452s] Invoked command in '/home/parallels/dolphin_slam_ws/src/dolphin_slam' returned '0': PYTHONPATH=/home/parallels/dolphin_slam_ws/build/dolphin_slam/prefix_override:/usr/lib/python3/dist-packages/colcon_core/task/python/colcon_distutils_commands:/home/parallels/dolphin_slam_ws/install/dolphin_slam/lib/python3.10/site-packages:${PYTHONPATH} /usr/bin/python3 -W ignore:setup.py install is deprecated -W ignore:easy_install command is deprecated setup.py egg_info --egg-base ../../build/dolphin_slam build --build-base /home/parallels/dolphin_slam_ws/build/dolphin_slam/build install --record /home/parallels/dolphin_slam_ws/build/dolphin_slam/install.log --single-version-externally-managed install_data
