[0.311s] Invoking command in '/home/parallels/dolphin_slam_ws/src/dolphin_slam': PYTHONPATH=/home/parallels/dolphin_slam_ws/build/dolphin_slam/prefix_override:/usr/lib/python3/dist-packages/colcon_core/task/python/colcon_distutils_commands:/home/parallels/dolphin_slam_ws/install/dolphin_slam/lib/python3.10/site-packages:${PYTHONPATH} /usr/bin/python3 -W ignore:setup.py install is deprecated -W ignore:easy_install command is deprecated setup.py egg_info --egg-base ../../build/dolphin_slam build --build-base /home/parallels/dolphin_slam_ws/build/dolphin_slam/build install --record /home/parallels/dolphin_slam_ws/build/dolphin_slam/install.log --single-version-externally-managed install_data
[0.412s] running egg_info
[0.412s] writing ../../build/dolphin_slam/dolphin_slam.egg-info/PKG-INFO
[0.413s] writing dependency_links to ../../build/dolphin_slam/dolphin_slam.egg-info/dependency_links.txt
[0.413s] writing entry points to ../../build/dolphin_slam/dolphin_slam.egg-info/entry_points.txt
[0.414s] writing requirements to ../../build/dolphin_slam/dolphin_slam.egg-info/requires.txt
[0.414s] writing top-level names to ../../build/dolphin_slam/dolphin_slam.egg-info/top_level.txt
[0.414s] reading manifest file '../../build/dolphin_slam/dolphin_slam.egg-info/SOURCES.txt'
[0.415s] adding license file 'LICENSE.txt'
[0.415s] writing manifest file '../../build/dolphin_slam/dolphin_slam.egg-info/SOURCES.txt'
[0.415s] running build
[0.415s] running build_py
[0.417s] running install
[0.417s] running install_lib
[0.419s] running install_data
[0.420s] running install_egg_info
[0.420s] removing '/home/parallels/dolphin_slam_ws/install/dolphin_slam/lib/python3.10/site-packages/dolphin_slam-1.0.0-py3.10.egg-info' (and everything under it)
[0.421s] Copying ../../build/dolphin_slam/dolphin_slam.egg-info to /home/parallels/dolphin_slam_ws/install/dolphin_slam/lib/python3.10/site-packages/dolphin_slam-1.0.0-py3.10.egg-info
[0.421s] running install_scripts
[0.430s] Installing dataset_player_node script to /home/parallels/dolphin_slam_ws/install/dolphin_slam/lib/dolphin_slam
[0.430s] Installing experience_map_node script to /home/parallels/dolphin_slam_ws/install/dolphin_slam/lib/dolphin_slam
[0.430s] Installing image_processing_node script to /home/parallels/dolphin_slam_ws/install/dolphin_slam/lib/dolphin_slam
[0.431s] Installing image_sync_node script to /home/parallels/dolphin_slam_ws/install/dolphin_slam/lib/dolphin_slam
[0.431s] Installing local_view_node script to /home/parallels/dolphin_slam_ws/install/dolphin_slam/lib/dolphin_slam
[0.431s] Installing place_cell_node script to /home/parallels/dolphin_slam_ws/install/dolphin_slam/lib/dolphin_slam
[0.431s] Installing robot_state_node script to /home/parallels/dolphin_slam_ws/install/dolphin_slam/lib/dolphin_slam
[0.431s] writing list of installed files to '/home/parallels/dolphin_slam_ws/build/dolphin_slam/install.log'
[0.444s] Invoked command in '/home/parallels/dolphin_slam_ws/src/dolphin_slam' returned '0': PYTHONPATH=/home/parallels/dolphin_slam_ws/build/dolphin_slam/prefix_override:/usr/lib/python3/dist-packages/colcon_core/task/python/colcon_distutils_commands:/home/parallels/dolphin_slam_ws/install/dolphin_slam/lib/python3.10/site-packages:${PYTHONPATH} /usr/bin/python3 -W ignore:setup.py install is deprecated -W ignore:easy_install command is deprecated setup.py egg_info --egg-base ../../build/dolphin_slam build --build-base /home/parallels/dolphin_slam_ws/build/dolphin_slam/build install --record /home/parallels/dolphin_slam_ws/build/dolphin_slam/install.log --single-version-externally-managed install_data
