running develop
Removing /home/parallels/dolphin_slam_ws/install/dolphin_slam/lib/python3.10/site-packages/dolphin-slam.egg-link (link to .)
running egg_info
writing ../../build/dolphin_slam/dolphin_slam.egg-info/PKG-INFO
writing dependency_links to ../../build/dolphin_slam/dolphin_slam.egg-info/dependency_links.txt
writing entry points to ../../build/dolphin_slam/dolphin_slam.egg-info/entry_points.txt
writing requirements to ../../build/dolphin_slam/dolphin_slam.egg-info/requires.txt
writing top-level names to ../../build/dolphin_slam/dolphin_slam.egg-info/top_level.txt
reading manifest file '../../build/dolphin_slam/dolphin_slam.egg-info/SOURCES.txt'
adding license file 'LICENSE.txt'
writing manifest file '../../build/dolphin_slam/dolphin_slam.egg-info/SOURCES.txt'
running build
running build_py
creating /home/parallels/dolphin_slam_ws/build/dolphin_slam/build
creating /home/parallels/dolphin_slam_ws/build/dolphin_slam/build/lib
creating /home/parallels/dolphin_slam_ws/build/dolphin_slam/build/lib/dolphin_slam
copying dolphin_slam/place_cell_network.py -> /home/parallels/dolphin_slam_ws/build/dolphin_slam/build/lib/dolphin_slam
copying dolphin_slam/image_sync_node.py -> /home/parallels/dolphin_slam_ws/build/dolphin_slam/build/lib/dolphin_slam
copying dolphin_slam/robot_state_node.py -> /home/parallels/dolphin_slam_ws/build/dolphin_slam/build/lib/dolphin_slam
copying dolphin_slam/robot_state.py -> /home/parallels/dolphin_slam_ws/build/dolphin_slam/build/lib/dolphin_slam
copying dolphin_slam/fabmap.py -> /home/parallels/dolphin_slam_ws/build/dolphin_slam/build/lib/dolphin_slam
copying dolphin_slam/image_processing_node.py -> /home/parallels/dolphin_slam_ws/build/dolphin_slam/build/lib/dolphin_slam
copying dolphin_slam/local_view_cells.py -> /home/parallels/dolphin_slam_ws/build/dolphin_slam/build/lib/dolphin_slam
copying dolphin_slam/utils.py -> /home/parallels/dolphin_slam_ws/build/dolphin_slam/build/lib/dolphin_slam
copying dolphin_slam/enhanced_experience_map_node.py -> /home/parallels/dolphin_slam_ws/build/dolphin_slam/build/lib/dolphin_slam
copying dolphin_slam/local_view_node.py -> /home/parallels/dolphin_slam_ws/build/dolphin_slam/build/lib/dolphin_slam
copying dolphin_slam/place_cell_node.py -> /home/parallels/dolphin_slam_ws/build/dolphin_slam/build/lib/dolphin_slam
copying dolphin_slam/experience_map_node.py -> /home/parallels/dolphin_slam_ws/build/dolphin_slam/build/lib/dolphin_slam
copying dolphin_slam/image_processing.py -> /home/parallels/dolphin_slam_ws/build/dolphin_slam/build/lib/dolphin_slam
copying dolphin_slam/__init__.py -> /home/parallels/dolphin_slam_ws/build/dolphin_slam/build/lib/dolphin_slam
copying dolphin_slam/experience_map.py -> /home/parallels/dolphin_slam_ws/build/dolphin_slam/build/lib/dolphin_slam
copying dolphin_slam/dataset_player_node.py -> /home/parallels/dolphin_slam_ws/build/dolphin_slam/build/lib/dolphin_slam
creating /home/parallels/dolphin_slam_ws/build/dolphin_slam/build/lib/nodes
copying nodes/robot_state_node.py -> /home/parallels/dolphin_slam_ws/build/dolphin_slam/build/lib/nodes
copying nodes/image_processing_node.py -> /home/parallels/dolphin_slam_ws/build/dolphin_slam/build/lib/nodes
copying nodes/enhanced_experience_map_node.py -> /home/parallels/dolphin_slam_ws/build/dolphin_slam/build/lib/nodes
copying nodes/local_view_node.py -> /home/parallels/dolphin_slam_ws/build/dolphin_slam/build/lib/nodes
copying nodes/place_cell_node.py -> /home/parallels/dolphin_slam_ws/build/dolphin_slam/build/lib/nodes
copying nodes/experience_map_node.py -> /home/parallels/dolphin_slam_ws/build/dolphin_slam/build/lib/nodes
copying nodes/__init__.py -> /home/parallels/dolphin_slam_ws/build/dolphin_slam/build/lib/nodes
copying nodes/dataset_player_node.py -> /home/parallels/dolphin_slam_ws/build/dolphin_slam/build/lib/nodes
running install
running install_lib
creating /home/parallels/dolphin_slam_ws/install/dolphin_slam/lib/python3.10/site-packages/dolphin_slam
copying /home/parallels/dolphin_slam_ws/build/dolphin_slam/build/lib/dolphin_slam/place_cell_network.py -> /home/parallels/dolphin_slam_ws/install/dolphin_slam/lib/python3.10/site-packages/dolphin_slam
copying /home/parallels/dolphin_slam_ws/build/dolphin_slam/build/lib/dolphin_slam/image_sync_node.py -> /home/parallels/dolphin_slam_ws/install/dolphin_slam/lib/python3.10/site-packages/dolphin_slam
copying /home/parallels/dolphin_slam_ws/build/dolphin_slam/build/lib/dolphin_slam/robot_state_node.py -> /home/parallels/dolphin_slam_ws/install/dolphin_slam/lib/python3.10/site-packages/dolphin_slam
copying /home/parallels/dolphin_slam_ws/build/dolphin_slam/build/lib/dolphin_slam/robot_state.py -> /home/parallels/dolphin_slam_ws/install/dolphin_slam/lib/python3.10/site-packages/dolphin_slam
copying /home/parallels/dolphin_slam_ws/build/dolphin_slam/build/lib/dolphin_slam/fabmap.py -> /home/parallels/dolphin_slam_ws/install/dolphin_slam/lib/python3.10/site-packages/dolphin_slam
copying /home/parallels/dolphin_slam_ws/build/dolphin_slam/build/lib/dolphin_slam/image_processing_node.py -> /home/parallels/dolphin_slam_ws/install/dolphin_slam/lib/python3.10/site-packages/dolphin_slam
copying /home/parallels/dolphin_slam_ws/build/dolphin_slam/build/lib/dolphin_slam/local_view_cells.py -> /home/parallels/dolphin_slam_ws/install/dolphin_slam/lib/python3.10/site-packages/dolphin_slam
copying /home/parallels/dolphin_slam_ws/build/dolphin_slam/build/lib/dolphin_slam/utils.py -> /home/parallels/dolphin_slam_ws/install/dolphin_slam/lib/python3.10/site-packages/dolphin_slam
copying /home/parallels/dolphin_slam_ws/build/dolphin_slam/build/lib/dolphin_slam/enhanced_experience_map_node.py -> /home/parallels/dolphin_slam_ws/install/dolphin_slam/lib/python3.10/site-packages/dolphin_slam
copying /home/parallels/dolphin_slam_ws/build/dolphin_slam/build/lib/dolphin_slam/local_view_node.py -> /home/parallels/dolphin_slam_ws/install/dolphin_slam/lib/python3.10/site-packages/dolphin_slam
copying /home/parallels/dolphin_slam_ws/build/dolphin_slam/build/lib/dolphin_slam/place_cell_node.py -> /home/parallels/dolphin_slam_ws/install/dolphin_slam/lib/python3.10/site-packages/dolphin_slam
copying /home/parallels/dolphin_slam_ws/build/dolphin_slam/build/lib/dolphin_slam/experience_map_node.py -> /home/parallels/dolphin_slam_ws/install/dolphin_slam/lib/python3.10/site-packages/dolphin_slam
copying /home/parallels/dolphin_slam_ws/build/dolphin_slam/build/lib/dolphin_slam/image_processing.py -> /home/parallels/dolphin_slam_ws/install/dolphin_slam/lib/python3.10/site-packages/dolphin_slam
copying /home/parallels/dolphin_slam_ws/build/dolphin_slam/build/lib/dolphin_slam/__init__.py -> /home/parallels/dolphin_slam_ws/install/dolphin_slam/lib/python3.10/site-packages/dolphin_slam
copying /home/parallels/dolphin_slam_ws/build/dolphin_slam/build/lib/dolphin_slam/experience_map.py -> /home/parallels/dolphin_slam_ws/install/dolphin_slam/lib/python3.10/site-packages/dolphin_slam
copying /home/parallels/dolphin_slam_ws/build/dolphin_slam/build/lib/dolphin_slam/dataset_player_node.py -> /home/parallels/dolphin_slam_ws/install/dolphin_slam/lib/python3.10/site-packages/dolphin_slam
creating /home/parallels/dolphin_slam_ws/install/dolphin_slam/lib/python3.10/site-packages/nodes
copying /home/parallels/dolphin_slam_ws/build/dolphin_slam/build/lib/nodes/robot_state_node.py -> /home/parallels/dolphin_slam_ws/install/dolphin_slam/lib/python3.10/site-packages/nodes
copying /home/parallels/dolphin_slam_ws/build/dolphin_slam/build/lib/nodes/image_processing_node.py -> /home/parallels/dolphin_slam_ws/install/dolphin_slam/lib/python3.10/site-packages/nodes
copying /home/parallels/dolphin_slam_ws/build/dolphin_slam/build/lib/nodes/enhanced_experience_map_node.py -> /home/parallels/dolphin_slam_ws/install/dolphin_slam/lib/python3.10/site-packages/nodes
copying /home/parallels/dolphin_slam_ws/build/dolphin_slam/build/lib/nodes/local_view_node.py -> /home/parallels/dolphin_slam_ws/install/dolphin_slam/lib/python3.10/site-packages/nodes
copying /home/parallels/dolphin_slam_ws/build/dolphin_slam/build/lib/nodes/place_cell_node.py -> /home/parallels/dolphin_slam_ws/install/dolphin_slam/lib/python3.10/site-packages/nodes
copying /home/parallels/dolphin_slam_ws/build/dolphin_slam/build/lib/nodes/experience_map_node.py -> /home/parallels/dolphin_slam_ws/install/dolphin_slam/lib/python3.10/site-packages/nodes
copying /home/parallels/dolphin_slam_ws/build/dolphin_slam/build/lib/nodes/__init__.py -> /home/parallels/dolphin_slam_ws/install/dolphin_slam/lib/python3.10/site-packages/nodes
copying /home/parallels/dolphin_slam_ws/build/dolphin_slam/build/lib/nodes/dataset_player_node.py -> /home/parallels/dolphin_slam_ws/install/dolphin_slam/lib/python3.10/site-packages/nodes
byte-compiling /home/parallels/dolphin_slam_ws/install/dolphin_slam/lib/python3.10/site-packages/dolphin_slam/place_cell_network.py to place_cell_network.cpython-310.pyc
byte-compiling /home/parallels/dolphin_slam_ws/install/dolphin_slam/lib/python3.10/site-packages/dolphin_slam/image_sync_node.py to image_sync_node.cpython-310.pyc
byte-compiling /home/parallels/dolphin_slam_ws/install/dolphin_slam/lib/python3.10/site-packages/dolphin_slam/robot_state_node.py to robot_state_node.cpython-310.pyc
byte-compiling /home/parallels/dolphin_slam_ws/install/dolphin_slam/lib/python3.10/site-packages/dolphin_slam/robot_state.py to robot_state.cpython-310.pyc
byte-compiling /home/parallels/dolphin_slam_ws/install/dolphin_slam/lib/python3.10/site-packages/dolphin_slam/fabmap.py to fabmap.cpython-310.pyc
byte-compiling /home/parallels/dolphin_slam_ws/install/dolphin_slam/lib/python3.10/site-packages/dolphin_slam/image_processing_node.py to image_processing_node.cpython-310.pyc
byte-compiling /home/parallels/dolphin_slam_ws/install/dolphin_slam/lib/python3.10/site-packages/dolphin_slam/local_view_cells.py to local_view_cells.cpython-310.pyc
byte-compiling /home/parallels/dolphin_slam_ws/install/dolphin_slam/lib/python3.10/site-packages/dolphin_slam/utils.py to utils.cpython-310.pyc
byte-compiling /home/parallels/dolphin_slam_ws/install/dolphin_slam/lib/python3.10/site-packages/dolphin_slam/enhanced_experience_map_node.py to enhanced_experience_map_node.cpython-310.pyc
byte-compiling /home/parallels/dolphin_slam_ws/install/dolphin_slam/lib/python3.10/site-packages/dolphin_slam/local_view_node.py to local_view_node.cpython-310.pyc
byte-compiling /home/parallels/dolphin_slam_ws/install/dolphin_slam/lib/python3.10/site-packages/dolphin_slam/place_cell_node.py to place_cell_node.cpython-310.pyc
byte-compiling /home/parallels/dolphin_slam_ws/install/dolphin_slam/lib/python3.10/site-packages/dolphin_slam/experience_map_node.py to experience_map_node.cpython-310.pyc
byte-compiling /home/parallels/dolphin_slam_ws/install/dolphin_slam/lib/python3.10/site-packages/dolphin_slam/image_processing.py to image_processing.cpython-310.pyc
byte-compiling /home/parallels/dolphin_slam_ws/install/dolphin_slam/lib/python3.10/site-packages/dolphin_slam/__init__.py to __init__.cpython-310.pyc
byte-compiling /home/parallels/dolphin_slam_ws/install/dolphin_slam/lib/python3.10/site-packages/dolphin_slam/experience_map.py to experience_map.cpython-310.pyc
byte-compiling /home/parallels/dolphin_slam_ws/install/dolphin_slam/lib/python3.10/site-packages/dolphin_slam/dataset_player_node.py to dataset_player_node.cpython-310.pyc
byte-compiling /home/parallels/dolphin_slam_ws/install/dolphin_slam/lib/python3.10/site-packages/nodes/robot_state_node.py to robot_state_node.cpython-310.pyc
byte-compiling /home/parallels/dolphin_slam_ws/install/dolphin_slam/lib/python3.10/site-packages/nodes/image_processing_node.py to image_processing_node.cpython-310.pyc
byte-compiling /home/parallels/dolphin_slam_ws/install/dolphin_slam/lib/python3.10/site-packages/nodes/enhanced_experience_map_node.py to enhanced_experience_map_node.cpython-310.pyc
byte-compiling /home/parallels/dolphin_slam_ws/install/dolphin_slam/lib/python3.10/site-packages/nodes/local_view_node.py to local_view_node.cpython-310.pyc
byte-compiling /home/parallels/dolphin_slam_ws/install/dolphin_slam/lib/python3.10/site-packages/nodes/place_cell_node.py to place_cell_node.cpython-310.pyc
byte-compiling /home/parallels/dolphin_slam_ws/install/dolphin_slam/lib/python3.10/site-packages/nodes/experience_map_node.py to experience_map_node.cpython-310.pyc
byte-compiling /home/parallels/dolphin_slam_ws/install/dolphin_slam/lib/python3.10/site-packages/nodes/__init__.py to __init__.cpython-310.pyc
byte-compiling /home/parallels/dolphin_slam_ws/install/dolphin_slam/lib/python3.10/site-packages/nodes/dataset_player_node.py to dataset_player_node.cpython-310.pyc
running install_data
copying resource/dolphin_slam -> /home/parallels/dolphin_slam_ws/install/dolphin_slam/share/ament_index/resource_index/packages
copying package.xml -> /home/parallels/dolphin_slam_ws/install/dolphin_slam/share/dolphin_slam
copying launch/dolphin_slam_launch.py -> /home/parallels/dolphin_slam_ws/install/dolphin_slam/share/dolphin_slam/launch
copying config/dolphin_slam_params.yaml -> /home/parallels/dolphin_slam_ws/install/dolphin_slam/share/dolphin_slam/config
copying config/sim_waypoints.yaml -> /home/parallels/dolphin_slam_ws/install/dolphin_slam/share/dolphin_slam/config
copying config/camera_calibration.yaml -> /home/parallels/dolphin_slam_ws/install/dolphin_slam/share/dolphin_slam/config
copying config/dolphin_slam_sim_params.yaml -> /home/parallels/dolphin_slam_ws/install/dolphin_slam/share/dolphin_slam/config
copying rviz/dolphin_slam_enhanced.rviz -> /home/parallels/dolphin_slam_ws/install/dolphin_slam/share/dolphin_slam/rviz
copying rviz/dolphin_slam_safe.rviz -> /home/parallels/dolphin_slam_ws/install/dolphin_slam/share/dolphin_slam/rviz
copying rviz/dolphin_slam_sim.rviz -> /home/parallels/dolphin_slam_ws/install/dolphin_slam/share/dolphin_slam/rviz
copying rviz/dolphin_slam_fixed.rviz -> /home/parallels/dolphin_slam_ws/install/dolphin_slam/share/dolphin_slam/rviz
copying rviz/dolphin_slam.rviz -> /home/parallels/dolphin_slam_ws/install/dolphin_slam/share/dolphin_slam/rviz
copying scripts/slam_monitor.py -> /home/parallels/dolphin_slam_ws/install/dolphin_slam/share/dolphin_slam/scripts
copying scripts/analyze_dataset.py -> /home/parallels/dolphin_slam_ws/install/dolphin_slam/share/dolphin_slam/scripts
copying scripts/data_validation_script.py -> /home/parallels/dolphin_slam_ws/install/dolphin_slam/share/dolphin_slam/scripts
copying scripts/config_checker_fixer.py -> /home/parallels/dolphin_slam_ws/install/dolphin_slam/share/dolphin_slam/scripts
copying scripts/conflict_free_monitor.py -> /home/parallels/dolphin_slam_ws/install/dolphin_slam/share/dolphin_slam/scripts
copying scripts/comprehensive_fix_script.py -> /home/parallels/dolphin_slam_ws/install/dolphin_slam/share/dolphin_slam/scripts
copying scripts/dolphin_slam_fix_script.py -> /home/parallels/dolphin_slam_ws/install/dolphin_slam/share/dolphin_slam/scripts
copying scripts/simple_working_monitor.py -> /home/parallels/dolphin_slam_ws/install/dolphin_slam/share/dolphin_slam/scripts
copying scripts/dolphin_slam_fix.py -> /home/parallels/dolphin_slam_ws/install/dolphin_slam/share/dolphin_slam/scripts
copying scripts/visualize_results.py -> /home/parallels/dolphin_slam_ws/install/dolphin_slam/share/dolphin_slam/scripts
running install_egg_info
Copying ../../build/dolphin_slam/dolphin_slam.egg-info to /home/parallels/dolphin_slam_ws/install/dolphin_slam/lib/python3.10/site-packages/dolphin_slam-1.0.0-py3.10.egg-info
running install_scripts
Installing dataset_player_node script to /home/parallels/dolphin_slam_ws/install/dolphin_slam/lib/dolphin_slam
Installing experience_map_node script to /home/parallels/dolphin_slam_ws/install/dolphin_slam/lib/dolphin_slam
Installing image_processing_node script to /home/parallels/dolphin_slam_ws/install/dolphin_slam/lib/dolphin_slam
Installing image_sync_node script to /home/parallels/dolphin_slam_ws/install/dolphin_slam/lib/dolphin_slam
Installing local_view_node script to /home/parallels/dolphin_slam_ws/install/dolphin_slam/lib/dolphin_slam
Installing place_cell_node script to /home/parallels/dolphin_slam_ws/install/dolphin_slam/lib/dolphin_slam
Installing robot_state_node script to /home/parallels/dolphin_slam_ws/install/dolphin_slam/lib/dolphin_slam
writing list of installed files to '/home/parallels/dolphin_slam_ws/build/dolphin_slam/install.log'
