[0.315s] Invoking command in '/home/parallels/dolphin_slam_ws/build/dolphin_slam': PYTHONPATH=/home/parallels/dolphin_slam_ws/build/dolphin_slam/prefix_override:/usr/lib/python3/dist-packages/colcon_core/task/python/colcon_distutils_commands:/home/parallels/dolphin_slam_ws/install/dolphin_slam/lib/python3.10/site-packages:${PYTHONPATH} /usr/bin/python3 -W ignore:setup.py install is deprecated -W ignore:easy_install command is deprecated setup.py develop --editable --build-directory /home/parallels/dolphin_slam_ws/build/dolphin_slam/build --no-deps symlink_data
[0.419s] running develop
[0.480s] running egg_info
[0.480s] creating dolphin_slam.egg-info
[0.480s] writing dolphin_slam.egg-info/PKG-INFO
[0.481s] writing dependency_links to dolphin_slam.egg-info/dependency_links.txt
[0.481s] writing entry points to dolphin_slam.egg-info/entry_points.txt
[0.481s] writing requirements to dolphin_slam.egg-info/requires.txt
[0.481s] writing top-level names to dolphin_slam.egg-info/top_level.txt
[0.481s] writing manifest file 'dolphin_slam.egg-info/SOURCES.txt'
[0.481s] reading manifest file 'dolphin_slam.egg-info/SOURCES.txt'
[0.482s] writing manifest file 'dolphin_slam.egg-info/SOURCES.txt'
[0.482s] running build_ext
[0.482s] Creating /home/parallels/dolphin_slam_ws/install/dolphin_slam/lib/python3.10/site-packages/dolphin-slam.egg-link (link to .)
[0.483s] Installing dataset_player_node script to /home/parallels/dolphin_slam_ws/install/dolphin_slam/lib/dolphin_slam
[0.483s] Installing experience_map_node script to /home/parallels/dolphin_slam_ws/install/dolphin_slam/lib/dolphin_slam
[0.483s] Installing image_processing_node script to /home/parallels/dolphin_slam_ws/install/dolphin_slam/lib/dolphin_slam
[0.483s] Installing image_sync_node script to /home/parallels/dolphin_slam_ws/install/dolphin_slam/lib/dolphin_slam
[0.483s] Installing local_view_node script to /home/parallels/dolphin_slam_ws/install/dolphin_slam/lib/dolphin_slam
[0.483s] Installing place_cell_node script to /home/parallels/dolphin_slam_ws/install/dolphin_slam/lib/dolphin_slam
[0.483s] Installing robot_state_node script to /home/parallels/dolphin_slam_ws/install/dolphin_slam/lib/dolphin_slam
[0.483s] 
[0.483s] Installed /home/parallels/dolphin_slam_ws/build/dolphin_slam
[0.483s] running symlink_data
[0.484s] creating /home/parallels/dolphin_slam_ws/install/dolphin_slam/share/ament_index
[0.484s] creating /home/parallels/dolphin_slam_ws/install/dolphin_slam/share/ament_index/resource_index
[0.484s] creating /home/parallels/dolphin_slam_ws/install/dolphin_slam/share/ament_index/resource_index/packages
[0.484s] symbolically linking /home/parallels/dolphin_slam_ws/build/dolphin_slam/resource/dolphin_slam -> /home/parallels/dolphin_slam_ws/install/dolphin_slam/share/ament_index/resource_index/packages
[0.484s] symbolically linking /home/parallels/dolphin_slam_ws/build/dolphin_slam/package.xml -> /home/parallels/dolphin_slam_ws/install/dolphin_slam/share/dolphin_slam
[0.484s] creating /home/parallels/dolphin_slam_ws/install/dolphin_slam/share/dolphin_slam/launch
[0.484s] symbolically linking /home/parallels/dolphin_slam_ws/build/dolphin_slam/launch/dolphin_slam_launch.py -> /home/parallels/dolphin_slam_ws/install/dolphin_slam/share/dolphin_slam/launch
[0.484s] creating /home/parallels/dolphin_slam_ws/install/dolphin_slam/share/dolphin_slam/config
[0.484s] symbolically linking /home/parallels/dolphin_slam_ws/build/dolphin_slam/config/dolphin_slam_params.yaml -> /home/parallels/dolphin_slam_ws/install/dolphin_slam/share/dolphin_slam/config
[0.484s] symbolically linking /home/parallels/dolphin_slam_ws/build/dolphin_slam/config/sim_waypoints.yaml -> /home/parallels/dolphin_slam_ws/install/dolphin_slam/share/dolphin_slam/config
[0.484s] symbolically linking /home/parallels/dolphin_slam_ws/build/dolphin_slam/config/camera_calibration.yaml -> /home/parallels/dolphin_slam_ws/install/dolphin_slam/share/dolphin_slam/config
[0.484s] symbolically linking /home/parallels/dolphin_slam_ws/build/dolphin_slam/config/dolphin_slam_sim_params.yaml -> /home/parallels/dolphin_slam_ws/install/dolphin_slam/share/dolphin_slam/config
[0.484s] creating /home/parallels/dolphin_slam_ws/install/dolphin_slam/share/dolphin_slam/rviz
[0.484s] symbolically linking /home/parallels/dolphin_slam_ws/build/dolphin_slam/rviz/dolphin_slam_enhanced.rviz -> /home/parallels/dolphin_slam_ws/install/dolphin_slam/share/dolphin_slam/rviz
[0.484s] symbolically linking /home/parallels/dolphin_slam_ws/build/dolphin_slam/rviz/dolphin_slam_safe.rviz -> /home/parallels/dolphin_slam_ws/install/dolphin_slam/share/dolphin_slam/rviz
[0.484s] symbolically linking /home/parallels/dolphin_slam_ws/build/dolphin_slam/rviz/dolphin_slam_sim.rviz -> /home/parallels/dolphin_slam_ws/install/dolphin_slam/share/dolphin_slam/rviz
[0.484s] symbolically linking /home/parallels/dolphin_slam_ws/build/dolphin_slam/rviz/dolphin_slam_fixed.rviz -> /home/parallels/dolphin_slam_ws/install/dolphin_slam/share/dolphin_slam/rviz
[0.484s] symbolically linking /home/parallels/dolphin_slam_ws/build/dolphin_slam/rviz/dolphin_slam.rviz -> /home/parallels/dolphin_slam_ws/install/dolphin_slam/share/dolphin_slam/rviz
[0.484s] creating /home/parallels/dolphin_slam_ws/install/dolphin_slam/share/dolphin_slam/scripts
[0.484s] symbolically linking /home/parallels/dolphin_slam_ws/build/dolphin_slam/scripts/slam_monitor.py -> /home/parallels/dolphin_slam_ws/install/dolphin_slam/share/dolphin_slam/scripts
[0.484s] symbolically linking /home/parallels/dolphin_slam_ws/build/dolphin_slam/scripts/analyze_dataset.py -> /home/parallels/dolphin_slam_ws/install/dolphin_slam/share/dolphin_slam/scripts
[0.484s] symbolically linking /home/parallels/dolphin_slam_ws/build/dolphin_slam/scripts/data_validation_script.py -> /home/parallels/dolphin_slam_ws/install/dolphin_slam/share/dolphin_slam/scripts
[0.484s] symbolically linking /home/parallels/dolphin_slam_ws/build/dolphin_slam/scripts/config_checker_fixer.py -> /home/parallels/dolphin_slam_ws/install/dolphin_slam/share/dolphin_slam/scripts
[0.484s] symbolically linking /home/parallels/dolphin_slam_ws/build/dolphin_slam/scripts/conflict_free_monitor.py -> /home/parallels/dolphin_slam_ws/install/dolphin_slam/share/dolphin_slam/scripts
[0.484s] symbolically linking /home/parallels/dolphin_slam_ws/build/dolphin_slam/scripts/comprehensive_fix_script.py -> /home/parallels/dolphin_slam_ws/install/dolphin_slam/share/dolphin_slam/scripts
[0.484s] symbolically linking /home/parallels/dolphin_slam_ws/build/dolphin_slam/scripts/dolphin_slam_fix_script.py -> /home/parallels/dolphin_slam_ws/install/dolphin_slam/share/dolphin_slam/scripts
[0.484s] symbolically linking /home/parallels/dolphin_slam_ws/build/dolphin_slam/scripts/simple_working_monitor.py -> /home/parallels/dolphin_slam_ws/install/dolphin_slam/share/dolphin_slam/scripts
[0.484s] symbolically linking /home/parallels/dolphin_slam_ws/build/dolphin_slam/scripts/dolphin_slam_fix.py -> /home/parallels/dolphin_slam_ws/install/dolphin_slam/share/dolphin_slam/scripts
[0.484s] symbolically linking /home/parallels/dolphin_slam_ws/build/dolphin_slam/scripts/visualize_results.py -> /home/parallels/dolphin_slam_ws/install/dolphin_slam/share/dolphin_slam/scripts
[0.496s] Invoked command in '/home/parallels/dolphin_slam_ws/build/dolphin_slam' returned '0': PYTHONPATH=/home/parallels/dolphin_slam_ws/build/dolphin_slam/prefix_override:/usr/lib/python3/dist-packages/colcon_core/task/python/colcon_distutils_commands:/home/parallels/dolphin_slam_ws/install/dolphin_slam/lib/python3.10/site-packages:${PYTHONPATH} /usr/bin/python3 -W ignore:setup.py install is deprecated -W ignore:easy_install command is deprecated setup.py develop --editable --build-directory /home/parallels/dolphin_slam_ws/build/dolphin_slam/build --no-deps symlink_data
