[0.350s] Invoking command in '/home/cetc3/dolphin_slam_ws/src/dolphin_slam': PYTHONPATH=/home/cetc3/dolphin_slam_ws/build/dolphin_slam/prefix_override:/usr/lib/python3/dist-packages/colcon_core/task/python/colcon_distutils_commands:/home/cetc3/dolphin_slam_ws/install/dolphin_slam/lib/python3.10/site-packages:${PYTHONPATH} /usr/bin/python3 -W ignore:setup.py install is deprecated -W ignore:easy_install command is deprecated setup.py egg_info --egg-base ../../build/dolphin_slam build --build-base /home/cetc3/dolphin_slam_ws/build/dolphin_slam/build install --record /home/cetc3/dolphin_slam_ws/build/dolphin_slam/install.log --single-version-externally-managed install_data
[0.474s] running egg_info
[0.474s] writing ../../build/dolphin_slam/dolphin_slam.egg-info/PKG-INFO
[0.474s] writing dependency_links to ../../build/dolphin_slam/dolphin_slam.egg-info/dependency_links.txt
[0.474s] writing entry points to ../../build/dolphin_slam/dolphin_slam.egg-info/entry_points.txt
[0.474s] writing requirements to ../../build/dolphin_slam/dolphin_slam.egg-info/requires.txt
[0.474s] writing top-level names to ../../build/dolphin_slam/dolphin_slam.egg-info/top_level.txt
[0.476s] reading manifest file '../../build/dolphin_slam/dolphin_slam.egg-info/SOURCES.txt'
[0.476s] adding license file 'LICENSE.txt'
[0.476s] writing manifest file '../../build/dolphin_slam/dolphin_slam.egg-info/SOURCES.txt'
[0.477s] running build
[0.477s] running build_py
[0.477s] copying dolphin_slam/place_cell_node.py -> /home/cetc3/dolphin_slam_ws/build/dolphin_slam/build/lib/dolphin_slam
[0.477s] copying dolphin_slam/enhanced_waypoint_controller_node.py -> /home/cetc3/dolphin_slam_ws/build/dolphin_slam/build/lib/dolphin_slam
[0.477s] copying dolphin_slam/image_processing_node.py -> /home/cetc3/dolphin_slam_ws/build/dolphin_slam/build/lib/dolphin_slam
[0.478s] copying dolphin_slam/local_view_node.py -> /home/cetc3/dolphin_slam_ws/build/dolphin_slam/build/lib/dolphin_slam
[0.478s] copying dolphin_slam/simple_odom_publisher_node.py -> /home/cetc3/dolphin_slam_ws/build/dolphin_slam/build/lib/dolphin_slam
[0.478s] running install
[0.478s] running install_lib
[0.479s] copying /home/cetc3/dolphin_slam_ws/build/dolphin_slam/build/lib/dolphin_slam/place_cell_node.py -> /home/cetc3/dolphin_slam_ws/install/dolphin_slam/lib/python3.10/site-packages/dolphin_slam
[0.479s] copying /home/cetc3/dolphin_slam_ws/build/dolphin_slam/build/lib/dolphin_slam/enhanced_waypoint_controller_node.py -> /home/cetc3/dolphin_slam_ws/install/dolphin_slam/lib/python3.10/site-packages/dolphin_slam
[0.479s] copying /home/cetc3/dolphin_slam_ws/build/dolphin_slam/build/lib/dolphin_slam/image_processing_node.py -> /home/cetc3/dolphin_slam_ws/install/dolphin_slam/lib/python3.10/site-packages/dolphin_slam
[0.479s] copying /home/cetc3/dolphin_slam_ws/build/dolphin_slam/build/lib/dolphin_slam/local_view_node.py -> /home/cetc3/dolphin_slam_ws/install/dolphin_slam/lib/python3.10/site-packages/dolphin_slam
[0.479s] copying /home/cetc3/dolphin_slam_ws/build/dolphin_slam/build/lib/dolphin_slam/simple_odom_publisher_node.py -> /home/cetc3/dolphin_slam_ws/install/dolphin_slam/lib/python3.10/site-packages/dolphin_slam
[0.480s] byte-compiling /home/cetc3/dolphin_slam_ws/install/dolphin_slam/lib/python3.10/site-packages/dolphin_slam/place_cell_node.py to place_cell_node.cpython-310.pyc
[0.481s] byte-compiling /home/cetc3/dolphin_slam_ws/install/dolphin_slam/lib/python3.10/site-packages/dolphin_slam/enhanced_waypoint_controller_node.py to enhanced_waypoint_controller_node.cpython-310.pyc
[0.482s] byte-compiling /home/cetc3/dolphin_slam_ws/install/dolphin_slam/lib/python3.10/site-packages/dolphin_slam/image_processing_node.py to image_processing_node.cpython-310.pyc
[0.483s] byte-compiling /home/cetc3/dolphin_slam_ws/install/dolphin_slam/lib/python3.10/site-packages/dolphin_slam/local_view_node.py to local_view_node.cpython-310.pyc
[0.484s] byte-compiling /home/cetc3/dolphin_slam_ws/install/dolphin_slam/lib/python3.10/site-packages/dolphin_slam/simple_odom_publisher_node.py to simple_odom_publisher_node.cpython-310.pyc
[0.485s] running install_data
[0.485s] running install_egg_info
[0.487s] removing '/home/cetc3/dolphin_slam_ws/install/dolphin_slam/lib/python3.10/site-packages/dolphin_slam-1.0.0-py3.10.egg-info' (and everything under it)
[0.487s] Copying ../../build/dolphin_slam/dolphin_slam.egg-info to /home/cetc3/dolphin_slam_ws/install/dolphin_slam/lib/python3.10/site-packages/dolphin_slam-1.0.0-py3.10.egg-info
[0.487s] running install_scripts
[0.499s] Installing dataset_player_node script to /home/cetc3/dolphin_slam_ws/install/dolphin_slam/lib/dolphin_slam
[0.499s] Installing enhanced_waypoint_controller_node script to /home/cetc3/dolphin_slam_ws/install/dolphin_slam/lib/dolphin_slam
[0.499s] Installing experience_map_node script to /home/cetc3/dolphin_slam_ws/install/dolphin_slam/lib/dolphin_slam
[0.500s] Installing image_processing_node script to /home/cetc3/dolphin_slam_ws/install/dolphin_slam/lib/dolphin_slam
[0.500s] Installing local_view_node script to /home/cetc3/dolphin_slam_ws/install/dolphin_slam/lib/dolphin_slam
[0.500s] Installing place_cell_node script to /home/cetc3/dolphin_slam_ws/install/dolphin_slam/lib/dolphin_slam
[0.500s] Installing robot_state_node script to /home/cetc3/dolphin_slam_ws/install/dolphin_slam/lib/dolphin_slam
[0.500s] Installing simple_odom_publisher_node script to /home/cetc3/dolphin_slam_ws/install/dolphin_slam/lib/dolphin_slam
[0.500s] Installing simple_waypoint_controller_node script to /home/cetc3/dolphin_slam_ws/install/dolphin_slam/lib/dolphin_slam
[0.500s] Installing trajectory_evaluator_node script to /home/cetc3/dolphin_slam_ws/install/dolphin_slam/lib/dolphin_slam
[0.500s] Installing visual_chain_diagnostic script to /home/cetc3/dolphin_slam_ws/install/dolphin_slam/lib/dolphin_slam
[0.500s] writing list of installed files to '/home/cetc3/dolphin_slam_ws/build/dolphin_slam/install.log'
[0.514s] Invoked command in '/home/cetc3/dolphin_slam_ws/src/dolphin_slam' returned '0': PYTHONPATH=/home/cetc3/dolphin_slam_ws/build/dolphin_slam/prefix_override:/usr/lib/python3/dist-packages/colcon_core/task/python/colcon_distutils_commands:/home/cetc3/dolphin_slam_ws/install/dolphin_slam/lib/python3.10/site-packages:${PYTHONPATH} /usr/bin/python3 -W ignore:setup.py install is deprecated -W ignore:easy_install command is deprecated setup.py egg_info --egg-base ../../build/dolphin_slam build --build-base /home/cetc3/dolphin_slam_ws/build/dolphin_slam/build install --record /home/cetc3/dolphin_slam_ws/build/dolphin_slam/install.log --single-version-externally-managed install_data
