[0.128s] DEBUG:colcon:Command line arguments: ['/usr/bin/colcon', 'build', '--packages-select', 'dolphin_slam', '--symlink-install']
[0.128s] DEBUG:colcon:Parsed command line arguments: Namespace(log_base=None, log_level=None, verb_name='build', build_base='build', install_base='install', merge_install=False, symlink_install=True, test_result_base=None, continue_on_error=False, executor='parallel', parallel_workers=4, event_handlers=None, ignore_user_meta=False, metas=['./colcon.meta'], base_paths=['.'], packages_ignore=None, packages_ignore_regex=None, paths=None, packages_up_to=None, packages_up_to_regex=None, packages_above=None, packages_above_and_dependencies=None, packages_above_depth=None, packages_select_by_dep=None, packages_skip_by_dep=None, packages_skip_up_to=None, packages_select_build_failed=False, packages_skip_build_finished=False, packages_select_test_failures=False, packages_skip_test_passed=False, packages_select=['dolphin_slam'], packages_skip=None, packages_select_regex=None, packages_skip_regex=None, packages_start=None, packages_end=None, allow_overriding=[], cmake_args=None, cmake_target=None, cmake_target_skip_unavailable=False, cmake_clean_cache=False, cmake_clean_first=False, cmake_force_configure=False, ament_cmake_args=None, catkin_cmake_args=None, catkin_skip_building_tests=False, verb_parser=<colcon_defaults.argument_parser.defaults.DefaultArgumentsDecorator object at 0xffffa345ce50>, verb_extension=<colcon_core.verb.build.BuildVerb object at 0xffffa3592320>, main=<bound method BuildVerb.main of <colcon_core.verb.build.BuildVerb object at 0xffffa3592320>>)
[0.411s] Level 1:colcon.colcon_core.package_discovery:discover_packages(colcon_meta) check parameters
[0.411s] Level 1:colcon.colcon_core.package_discovery:discover_packages(recursive) check parameters
[0.411s] Level 1:colcon.colcon_core.package_discovery:discover_packages(ignore) check parameters
[0.411s] Level 1:colcon.colcon_core.package_discovery:discover_packages(path) check parameters
[0.411s] Level 1:colcon.colcon_core.package_discovery:discover_packages(colcon_meta) discover
[0.411s] Level 1:colcon.colcon_core.package_discovery:discover_packages(recursive) discover
[0.411s] INFO:colcon.colcon_core.package_discovery:Crawling recursively for packages in '/home/parallels/dolphin_slam_ws'
[0.411s] Level 1:colcon.colcon_core.package_identification:_identify(.) by extensions ['ignore', 'ignore_ament_install']
[0.411s] Level 1:colcon.colcon_core.package_identification:_identify(.) by extension 'ignore'
[0.411s] Level 1:colcon.colcon_core.package_identification:_identify(.) by extension 'ignore_ament_install'
[0.411s] Level 1:colcon.colcon_core.package_identification:_identify(.) by extensions ['colcon_pkg']
[0.411s] Level 1:colcon.colcon_core.package_identification:_identify(.) by extension 'colcon_pkg'
[0.411s] Level 1:colcon.colcon_core.package_identification:_identify(.) by extensions ['colcon_meta']
[0.411s] Level 1:colcon.colcon_core.package_identification:_identify(.) by extension 'colcon_meta'
[0.411s] Level 1:colcon.colcon_core.package_identification:_identify(.) by extensions ['ros']
[0.411s] Level 1:colcon.colcon_core.package_identification:_identify(.) by extension 'ros'
[0.419s] Level 1:colcon.colcon_core.package_identification:_identify(.) by extensions ['cmake', 'python']
[0.419s] Level 1:colcon.colcon_core.package_identification:_identify(.) by extension 'cmake'
[0.419s] Level 1:colcon.colcon_core.package_identification:_identify(.) by extension 'python'
[0.419s] Level 1:colcon.colcon_core.package_identification:_identify(.) by extensions ['python_setup_py']
[0.419s] Level 1:colcon.colcon_core.package_identification:_identify(.) by extension 'python_setup_py'
[0.419s] Level 1:colcon.colcon_core.package_identification:_identify(backup_20250702_160704) by extensions ['ignore', 'ignore_ament_install']
[0.419s] Level 1:colcon.colcon_core.package_identification:_identify(backup_20250702_160704) by extension 'ignore'
[0.419s] Level 1:colcon.colcon_core.package_identification:_identify(backup_20250702_160704) by extension 'ignore_ament_install'
[0.419s] Level 1:colcon.colcon_core.package_identification:_identify(backup_20250702_160704) by extensions ['colcon_pkg']
[0.419s] Level 1:colcon.colcon_core.package_identification:_identify(backup_20250702_160704) by extension 'colcon_pkg'
[0.419s] Level 1:colcon.colcon_core.package_identification:_identify(backup_20250702_160704) by extensions ['colcon_meta']
[0.419s] Level 1:colcon.colcon_core.package_identification:_identify(backup_20250702_160704) by extension 'colcon_meta'
[0.419s] Level 1:colcon.colcon_core.package_identification:_identify(backup_20250702_160704) by extensions ['ros']
[0.419s] Level 1:colcon.colcon_core.package_identification:_identify(backup_20250702_160704) by extension 'ros'
[0.419s] Level 1:colcon.colcon_core.package_identification:_identify(backup_20250702_160704) by extensions ['cmake', 'python']
[0.419s] Level 1:colcon.colcon_core.package_identification:_identify(backup_20250702_160704) by extension 'cmake'
[0.419s] Level 1:colcon.colcon_core.package_identification:_identify(backup_20250702_160704) by extension 'python'
[0.419s] Level 1:colcon.colcon_core.package_identification:_identify(backup_20250702_160704) by extensions ['python_setup_py']
[0.419s] Level 1:colcon.colcon_core.package_identification:_identify(backup_20250702_160704) by extension 'python_setup_py'
[0.420s] Level 1:colcon.colcon_core.package_identification:_identify(backup_20250703_104712) by extensions ['ignore', 'ignore_ament_install']
[0.420s] Level 1:colcon.colcon_core.package_identification:_identify(backup_20250703_104712) by extension 'ignore'
[0.420s] Level 1:colcon.colcon_core.package_identification:_identify(backup_20250703_104712) by extension 'ignore_ament_install'
[0.420s] Level 1:colcon.colcon_core.package_identification:_identify(backup_20250703_104712) by extensions ['colcon_pkg']
[0.421s] Level 1:colcon.colcon_core.package_identification:_identify(backup_20250703_104712) by extension 'colcon_pkg'
[0.421s] Level 1:colcon.colcon_core.package_identification:_identify(backup_20250703_104712) by extensions ['colcon_meta']
[0.421s] Level 1:colcon.colcon_core.package_identification:_identify(backup_20250703_104712) by extension 'colcon_meta'
[0.421s] Level 1:colcon.colcon_core.package_identification:_identify(backup_20250703_104712) by extensions ['ros']
[0.421s] Level 1:colcon.colcon_core.package_identification:_identify(backup_20250703_104712) by extension 'ros'
[0.421s] Level 1:colcon.colcon_core.package_identification:_identify(backup_20250703_104712) by extensions ['cmake', 'python']
[0.421s] Level 1:colcon.colcon_core.package_identification:_identify(backup_20250703_104712) by extension 'cmake'
[0.421s] Level 1:colcon.colcon_core.package_identification:_identify(backup_20250703_104712) by extension 'python'
[0.421s] Level 1:colcon.colcon_core.package_identification:_identify(backup_20250703_104712) by extensions ['python_setup_py']
[0.421s] Level 1:colcon.colcon_core.package_identification:_identify(backup_20250703_104712) by extension 'python_setup_py'
[0.421s] Level 1:colcon.colcon_core.package_identification:_identify(backup_comprehensive_20250702_162823) by extensions ['ignore', 'ignore_ament_install']
[0.421s] Level 1:colcon.colcon_core.package_identification:_identify(backup_comprehensive_20250702_162823) by extension 'ignore'
[0.421s] Level 1:colcon.colcon_core.package_identification:_identify(backup_comprehensive_20250702_162823) by extension 'ignore_ament_install'
[0.421s] Level 1:colcon.colcon_core.package_identification:_identify(backup_comprehensive_20250702_162823) by extensions ['colcon_pkg']
[0.421s] Level 1:colcon.colcon_core.package_identification:_identify(backup_comprehensive_20250702_162823) by extension 'colcon_pkg'
[0.421s] Level 1:colcon.colcon_core.package_identification:_identify(backup_comprehensive_20250702_162823) by extensions ['colcon_meta']
[0.421s] Level 1:colcon.colcon_core.package_identification:_identify(backup_comprehensive_20250702_162823) by extension 'colcon_meta'
[0.421s] Level 1:colcon.colcon_core.package_identification:_identify(backup_comprehensive_20250702_162823) by extensions ['ros']
[0.421s] Level 1:colcon.colcon_core.package_identification:_identify(backup_comprehensive_20250702_162823) by extension 'ros'
[0.421s] Level 1:colcon.colcon_core.package_identification:_identify(backup_comprehensive_20250702_162823) by extensions ['cmake', 'python']
[0.421s] Level 1:colcon.colcon_core.package_identification:_identify(backup_comprehensive_20250702_162823) by extension 'cmake'
[0.421s] Level 1:colcon.colcon_core.package_identification:_identify(backup_comprehensive_20250702_162823) by extension 'python'
[0.421s] Level 1:colcon.colcon_core.package_identification:_identify(backup_comprehensive_20250702_162823) by extensions ['python_setup_py']
[0.421s] Level 1:colcon.colcon_core.package_identification:_identify(backup_comprehensive_20250702_162823) by extension 'python_setup_py'
[0.421s] Level 1:colcon.colcon_core.package_identification:_identify(build) by extensions ['ignore', 'ignore_ament_install']
[0.421s] Level 1:colcon.colcon_core.package_identification:_identify(build) by extension 'ignore'
[0.421s] Level 1:colcon.colcon_core.package_identification:_identify(build) ignored
[0.421s] Level 1:colcon.colcon_core.package_identification:_identify(install) by extensions ['ignore', 'ignore_ament_install']
[0.421s] Level 1:colcon.colcon_core.package_identification:_identify(install) by extension 'ignore'
[0.422s] Level 1:colcon.colcon_core.package_identification:_identify(install) ignored
[0.422s] Level 1:colcon.colcon_core.package_identification:_identify(log) by extensions ['ignore', 'ignore_ament_install']
[0.422s] Level 1:colcon.colcon_core.package_identification:_identify(log) by extension 'ignore'
[0.422s] Level 1:colcon.colcon_core.package_identification:_identify(log) ignored
[0.422s] Level 1:colcon.colcon_core.package_identification:_identify(src) by extensions ['ignore', 'ignore_ament_install']
[0.422s] Level 1:colcon.colcon_core.package_identification:_identify(src) by extension 'ignore'
[0.422s] Level 1:colcon.colcon_core.package_identification:_identify(src) by extension 'ignore_ament_install'
[0.422s] Level 1:colcon.colcon_core.package_identification:_identify(src) by extensions ['colcon_pkg']
[0.422s] Level 1:colcon.colcon_core.package_identification:_identify(src) by extension 'colcon_pkg'
[0.422s] Level 1:colcon.colcon_core.package_identification:_identify(src) by extensions ['colcon_meta']
[0.422s] Level 1:colcon.colcon_core.package_identification:_identify(src) by extension 'colcon_meta'
[0.422s] Level 1:colcon.colcon_core.package_identification:_identify(src) by extensions ['ros']
[0.422s] Level 1:colcon.colcon_core.package_identification:_identify(src) by extension 'ros'
[0.422s] Level 1:colcon.colcon_core.package_identification:_identify(src) by extensions ['cmake', 'python']
[0.422s] Level 1:colcon.colcon_core.package_identification:_identify(src) by extension 'cmake'
[0.422s] Level 1:colcon.colcon_core.package_identification:_identify(src) by extension 'python'
[0.422s] Level 1:colcon.colcon_core.package_identification:_identify(src) by extensions ['python_setup_py']
[0.422s] Level 1:colcon.colcon_core.package_identification:_identify(src) by extension 'python_setup_py'
[0.422s] Level 1:colcon.colcon_core.package_identification:_identify(src/dolphin_slam) by extensions ['ignore', 'ignore_ament_install']
[0.422s] Level 1:colcon.colcon_core.package_identification:_identify(src/dolphin_slam) by extension 'ignore'
[0.422s] Level 1:colcon.colcon_core.package_identification:_identify(src/dolphin_slam) by extension 'ignore_ament_install'
[0.422s] Level 1:colcon.colcon_core.package_identification:_identify(src/dolphin_slam) by extensions ['colcon_pkg']
[0.422s] Level 1:colcon.colcon_core.package_identification:_identify(src/dolphin_slam) by extension 'colcon_pkg'
[0.422s] Level 1:colcon.colcon_core.package_identification:_identify(src/dolphin_slam) by extensions ['colcon_meta']
[0.422s] Level 1:colcon.colcon_core.package_identification:_identify(src/dolphin_slam) by extension 'colcon_meta'
[0.422s] Level 1:colcon.colcon_core.package_identification:_identify(src/dolphin_slam) by extensions ['ros']
[0.422s] Level 1:colcon.colcon_core.package_identification:_identify(src/dolphin_slam) by extension 'ros'
[0.425s] DEBUG:colcon.colcon_core.package_identification:Package 'src/dolphin_slam' with type 'ros.ament_python' and name 'dolphin_slam'
[0.425s] Level 1:colcon.colcon_core.package_discovery:discover_packages(recursive) using defaults
[0.425s] Level 1:colcon.colcon_core.package_discovery:discover_packages(ignore) discover
[0.425s] Level 1:colcon.colcon_core.package_discovery:discover_packages(ignore) using defaults
[0.425s] Level 1:colcon.colcon_core.package_discovery:discover_packages(path) discover
[0.425s] Level 1:colcon.colcon_core.package_discovery:discover_packages(path) using defaults
[0.455s] Level 1:colcon.colcon_core.package_discovery:discover_packages(prefix_path) check parameters
[0.455s] Level 1:colcon.colcon_core.package_discovery:discover_packages(prefix_path) discover
[0.457s] DEBUG:colcon.colcon_installed_package_information.package_discovery:Found 1 installed packages in /home/parallels/dolphin_slam_ws/install
[0.459s] DEBUG:colcon.colcon_installed_package_information.package_discovery:Found 287 installed packages in /opt/ros/humble
[0.460s] Level 1:colcon.colcon_core.package_discovery:discover_packages(prefix_path) using defaults
[0.492s] Level 5:colcon.colcon_core.verb:set package 'dolphin_slam' build argument 'cmake_args' from command line to 'None'
[0.492s] Level 5:colcon.colcon_core.verb:set package 'dolphin_slam' build argument 'cmake_target' from command line to 'None'
[0.492s] Level 5:colcon.colcon_core.verb:set package 'dolphin_slam' build argument 'cmake_target_skip_unavailable' from command line to 'False'
[0.492s] Level 5:colcon.colcon_core.verb:set package 'dolphin_slam' build argument 'cmake_clean_cache' from command line to 'False'
[0.492s] Level 5:colcon.colcon_core.verb:set package 'dolphin_slam' build argument 'cmake_clean_first' from command line to 'False'
[0.492s] Level 5:colcon.colcon_core.verb:set package 'dolphin_slam' build argument 'cmake_force_configure' from command line to 'False'
[0.492s] Level 5:colcon.colcon_core.verb:set package 'dolphin_slam' build argument 'ament_cmake_args' from command line to 'None'
[0.492s] Level 5:colcon.colcon_core.verb:set package 'dolphin_slam' build argument 'catkin_cmake_args' from command line to 'None'
[0.492s] Level 5:colcon.colcon_core.verb:set package 'dolphin_slam' build argument 'catkin_skip_building_tests' from command line to 'False'
[0.492s] DEBUG:colcon.colcon_core.verb:Building package 'dolphin_slam' with the following arguments: {'ament_cmake_args': None, 'build_base': '/home/parallels/dolphin_slam_ws/build/dolphin_slam', 'catkin_cmake_args': None, 'catkin_skip_building_tests': False, 'cmake_args': None, 'cmake_clean_cache': False, 'cmake_clean_first': False, 'cmake_force_configure': False, 'cmake_target': None, 'cmake_target_skip_unavailable': False, 'install_base': '/home/parallels/dolphin_slam_ws/install/dolphin_slam', 'merge_install': False, 'path': '/home/parallels/dolphin_slam_ws/src/dolphin_slam', 'symlink_install': True, 'test_result_base': None}
[0.492s] INFO:colcon.colcon_core.executor:Executing jobs using 'parallel' executor
[0.493s] DEBUG:colcon.colcon_parallel_executor.executor.parallel:run_until_complete
[0.493s] INFO:colcon.colcon_ros.task.ament_python.build:Building ROS package in '/home/parallels/dolphin_slam_ws/src/dolphin_slam' with build type 'ament_python'
[0.493s] Level 1:colcon.colcon_core.shell:create_environment_hook('dolphin_slam', 'ament_prefix_path')
[0.497s] INFO:colcon.colcon_core.plugin_system:Skipping extension 'colcon_core.shell.bat': Not used on non-Windows systems
[0.497s] INFO:colcon.colcon_core.shell:Creating environment hook '/home/parallels/dolphin_slam_ws/install/dolphin_slam/share/dolphin_slam/hook/ament_prefix_path.ps1'
[0.498s] INFO:colcon.colcon_core.shell:Creating environment descriptor '/home/parallels/dolphin_slam_ws/install/dolphin_slam/share/dolphin_slam/hook/ament_prefix_path.dsv'
[0.499s] INFO:colcon.colcon_core.shell:Creating environment hook '/home/parallels/dolphin_slam_ws/install/dolphin_slam/share/dolphin_slam/hook/ament_prefix_path.sh'
[0.499s] INFO:colcon.colcon_core.shell:Skip shell extension 'powershell' for command environment: Not usable outside of PowerShell
[0.499s] DEBUG:colcon.colcon_core.shell:Skip shell extension 'dsv' for command environment
[0.629s] INFO:colcon.colcon_core.task.python.build:Building Python package in '/home/parallels/dolphin_slam_ws/src/dolphin_slam'
[0.629s] INFO:colcon.colcon_core.shell:Skip shell extension 'powershell' for command environment: Not usable outside of PowerShell
[0.629s] DEBUG:colcon.colcon_core.shell:Skip shell extension 'dsv' for command environment
[0.909s] DEBUG:colcon.colcon_core.task.python.build:While undoing a previous installation files outside the Python library path are being ignored: /home/parallels/dolphin_slam_ws/install/dolphin_slam/share/ament_index/resource_index/packages/dolphin_slam
[0.909s] DEBUG:colcon.colcon_core.task.python.build:While undoing a previous installation files outside the Python library path are being ignored: /home/parallels/dolphin_slam_ws/install/dolphin_slam/share/dolphin_slam/package.xml
[0.909s] DEBUG:colcon.colcon_core.task.python.build:While undoing a previous installation files outside the Python library path are being ignored: /home/parallels/dolphin_slam_ws/install/dolphin_slam/share/dolphin_slam/launch/dolphin_slam_launch.py
[0.909s] DEBUG:colcon.colcon_core.task.python.build:While undoing a previous installation files outside the Python library path are being ignored: /home/parallels/dolphin_slam_ws/install/dolphin_slam/share/dolphin_slam/launch
[0.909s] DEBUG:colcon.colcon_core.task.python.build:While undoing a previous installation files outside the Python library path are being ignored: /home/parallels/dolphin_slam_ws/install/dolphin_slam/share/dolphin_slam/config/dolphin_slam_params.yaml
[0.909s] DEBUG:colcon.colcon_core.task.python.build:While undoing a previous installation files outside the Python library path are being ignored: /home/parallels/dolphin_slam_ws/install/dolphin_slam/share/dolphin_slam/config/sim_waypoints.yaml
[0.909s] DEBUG:colcon.colcon_core.task.python.build:While undoing a previous installation files outside the Python library path are being ignored: /home/parallels/dolphin_slam_ws/install/dolphin_slam/share/dolphin_slam/config/camera_calibration.yaml
[0.909s] DEBUG:colcon.colcon_core.task.python.build:While undoing a previous installation files outside the Python library path are being ignored: /home/parallels/dolphin_slam_ws/install/dolphin_slam/share/dolphin_slam/config/dolphin_slam_sim_params.yaml
[0.909s] DEBUG:colcon.colcon_core.task.python.build:While undoing a previous installation files outside the Python library path are being ignored: /home/parallels/dolphin_slam_ws/install/dolphin_slam/share/dolphin_slam/rviz/dolphin_slam_enhanced.rviz
[0.909s] DEBUG:colcon.colcon_core.task.python.build:While undoing a previous installation files outside the Python library path are being ignored: /home/parallels/dolphin_slam_ws/install/dolphin_slam/share/dolphin_slam/rviz/dolphin_slam_safe.rviz
[0.909s] DEBUG:colcon.colcon_core.task.python.build:While undoing a previous installation files outside the Python library path are being ignored: /home/parallels/dolphin_slam_ws/install/dolphin_slam/share/dolphin_slam/rviz/dolphin_slam_sim.rviz
[0.909s] DEBUG:colcon.colcon_core.task.python.build:While undoing a previous installation files outside the Python library path are being ignored: /home/parallels/dolphin_slam_ws/install/dolphin_slam/share/dolphin_slam/rviz/dolphin_slam_fixed.rviz
[0.909s] DEBUG:colcon.colcon_core.task.python.build:While undoing a previous installation files outside the Python library path are being ignored: /home/parallels/dolphin_slam_ws/install/dolphin_slam/share/dolphin_slam/rviz/dolphin_slam.rviz
[0.909s] DEBUG:colcon.colcon_core.task.python.build:While undoing a previous installation files outside the Python library path are being ignored: /home/parallels/dolphin_slam_ws/install/dolphin_slam/share/dolphin_slam/scripts/slam_monitor.py
[0.910s] DEBUG:colcon.colcon_core.task.python.build:While undoing a previous installation files outside the Python library path are being ignored: /home/parallels/dolphin_slam_ws/install/dolphin_slam/share/dolphin_slam/scripts/analyze_dataset.py
[0.910s] DEBUG:colcon.colcon_core.task.python.build:While undoing a previous installation files outside the Python library path are being ignored: /home/parallels/dolphin_slam_ws/install/dolphin_slam/share/dolphin_slam/scripts/data_validation_script.py
[0.910s] DEBUG:colcon.colcon_core.task.python.build:While undoing a previous installation files outside the Python library path are being ignored: /home/parallels/dolphin_slam_ws/install/dolphin_slam/share/dolphin_slam/scripts/config_checker_fixer.py
[0.910s] DEBUG:colcon.colcon_core.task.python.build:While undoing a previous installation files outside the Python library path are being ignored: /home/parallels/dolphin_slam_ws/install/dolphin_slam/share/dolphin_slam/scripts/conflict_free_monitor.py
[0.910s] DEBUG:colcon.colcon_core.task.python.build:While undoing a previous installation files outside the Python library path are being ignored: /home/parallels/dolphin_slam_ws/install/dolphin_slam/share/dolphin_slam/scripts/comprehensive_fix_script.py
[0.910s] DEBUG:colcon.colcon_core.task.python.build:While undoing a previous installation files outside the Python library path are being ignored: /home/parallels/dolphin_slam_ws/install/dolphin_slam/share/dolphin_slam/scripts/dolphin_slam_fix_script.py
[0.910s] DEBUG:colcon.colcon_core.task.python.build:While undoing a previous installation files outside the Python library path are being ignored: /home/parallels/dolphin_slam_ws/install/dolphin_slam/share/dolphin_slam/scripts/simple_working_monitor.py
[0.910s] DEBUG:colcon.colcon_core.task.python.build:While undoing a previous installation files outside the Python library path are being ignored: /home/parallels/dolphin_slam_ws/install/dolphin_slam/share/dolphin_slam/scripts/dolphin_slam_fix.py
[0.910s] DEBUG:colcon.colcon_core.task.python.build:While undoing a previous installation files outside the Python library path are being ignored: /home/parallels/dolphin_slam_ws/install/dolphin_slam/share/dolphin_slam/scripts/final_fix_script.py
[0.910s] DEBUG:colcon.colcon_core.task.python.build:While undoing a previous installation files outside the Python library path are being ignored: /home/parallels/dolphin_slam_ws/install/dolphin_slam/share/dolphin_slam/scripts/visualize_results.py
[0.910s] DEBUG:colcon.colcon_core.task.python.build:While undoing a previous installation files outside the Python library path are being ignored: /home/parallels/dolphin_slam_ws/install/dolphin_slam/lib/dolphin_slam/dataset_player_node
[0.910s] DEBUG:colcon.colcon_core.task.python.build:While undoing a previous installation files outside the Python library path are being ignored: /home/parallels/dolphin_slam_ws/install/dolphin_slam/lib/dolphin_slam/experience_map_node
[0.910s] DEBUG:colcon.colcon_core.task.python.build:While undoing a previous installation files outside the Python library path are being ignored: /home/parallels/dolphin_slam_ws/install/dolphin_slam/lib/dolphin_slam/image_processing_node
[0.910s] DEBUG:colcon.colcon_core.task.python.build:While undoing a previous installation files outside the Python library path are being ignored: /home/parallels/dolphin_slam_ws/install/dolphin_slam/lib/dolphin_slam/image_sync_node
[0.910s] DEBUG:colcon.colcon_core.task.python.build:While undoing a previous installation files outside the Python library path are being ignored: /home/parallels/dolphin_slam_ws/install/dolphin_slam/lib/dolphin_slam/local_view_node
[0.910s] DEBUG:colcon.colcon_core.task.python.build:While undoing a previous installation files outside the Python library path are being ignored: /home/parallels/dolphin_slam_ws/install/dolphin_slam/lib/dolphin_slam/place_cell_node
[0.910s] DEBUG:colcon.colcon_core.task.python.build:While undoing a previous installation files outside the Python library path are being ignored: /home/parallels/dolphin_slam_ws/install/dolphin_slam/lib/dolphin_slam/robot_state_node
[0.914s] DEBUG:colcon.colcon_core.event_handler.log_command:Invoking command in '/home/parallels/dolphin_slam_ws/build/dolphin_slam': PYTHONPATH=/home/parallels/dolphin_slam_ws/build/dolphin_slam/prefix_override:/usr/lib/python3/dist-packages/colcon_core/task/python/colcon_distutils_commands:/home/parallels/dolphin_slam_ws/install/dolphin_slam/lib/python3.10/site-packages:${PYTHONPATH} /usr/bin/python3 -W ignore:setup.py install is deprecated -W ignore:easy_install command is deprecated setup.py develop --editable --build-directory /home/parallels/dolphin_slam_ws/build/dolphin_slam/build --no-deps symlink_data --force
[1.133s] DEBUG:colcon.colcon_core.event_handler.log_command:Invoked command in '/home/parallels/dolphin_slam_ws/build/dolphin_slam' returned '1': PYTHONPATH=/home/parallels/dolphin_slam_ws/build/dolphin_slam/prefix_override:/usr/lib/python3/dist-packages/colcon_core/task/python/colcon_distutils_commands:/home/parallels/dolphin_slam_ws/install/dolphin_slam/lib/python3.10/site-packages:${PYTHONPATH} /usr/bin/python3 -W ignore:setup.py install is deprecated -W ignore:easy_install command is deprecated setup.py develop --editable --build-directory /home/parallels/dolphin_slam_ws/build/dolphin_slam/build --no-deps symlink_data --force
[1.133s] DEBUG:colcon.colcon_parallel_executor.executor.parallel:closing loop
[1.133s] DEBUG:colcon.colcon_parallel_executor.executor.parallel:loop closed
[1.133s] DEBUG:colcon.colcon_parallel_executor.executor.parallel:run_until_complete finished with '1'
[1.133s] DEBUG:colcon.colcon_core.event_reactor:joining thread
[1.139s] INFO:colcon.colcon_core.plugin_system:Skipping extension 'colcon_notification.desktop_notification.terminal_notifier': Not used on non-Darwin systems
[1.139s] INFO:colcon.colcon_core.plugin_system:Skipping extension 'colcon_notification.desktop_notification.win32': Not used on non-Windows systems
[1.139s] INFO:colcon.colcon_notification.desktop_notification:Sending desktop notification using 'notify2'
[1.163s] DEBUG:colcon.colcon_core.event_reactor:joined thread
[1.164s] INFO:colcon.colcon_core.shell:Creating prefix script '/home/parallels/dolphin_slam_ws/install/local_setup.ps1'
[1.165s] INFO:colcon.colcon_core.shell:Creating prefix util module '/home/parallels/dolphin_slam_ws/install/_local_setup_util_ps1.py'
[1.166s] INFO:colcon.colcon_core.shell:Creating prefix chain script '/home/parallels/dolphin_slam_ws/install/setup.ps1'
[1.167s] INFO:colcon.colcon_core.shell:Creating prefix script '/home/parallels/dolphin_slam_ws/install/local_setup.sh'
[1.167s] INFO:colcon.colcon_core.shell:Creating prefix util module '/home/parallels/dolphin_slam_ws/install/_local_setup_util_sh.py'
[1.168s] INFO:colcon.colcon_core.shell:Creating prefix chain script '/home/parallels/dolphin_slam_ws/install/setup.sh'
[1.168s] INFO:colcon.colcon_core.shell:Creating prefix script '/home/parallels/dolphin_slam_ws/install/local_setup.bash'
[1.169s] INFO:colcon.colcon_core.shell:Creating prefix chain script '/home/parallels/dolphin_slam_ws/install/setup.bash'
[1.170s] INFO:colcon.colcon_core.shell:Creating prefix script '/home/parallels/dolphin_slam_ws/install/local_setup.zsh'
[1.171s] INFO:colcon.colcon_core.shell:Creating prefix chain script '/home/parallels/dolphin_slam_ws/install/setup.zsh'
