/home/parallels/dolphin_slam_ws/install/dolphin_slam/lib/python3.10/site-packages/dolphin_slam/place_cell_network.py
/home/parallels/dolphin_slam_ws/install/dolphin_slam/lib/python3.10/site-packages/dolphin_slam/image_sync_node.py
/home/parallels/dolphin_slam_ws/install/dolphin_slam/lib/python3.10/site-packages/dolphin_slam/robot_state_node.py
/home/parallels/dolphin_slam_ws/install/dolphin_slam/lib/python3.10/site-packages/dolphin_slam/robot_state.py
/home/parallels/dolphin_slam_ws/install/dolphin_slam/lib/python3.10/site-packages/dolphin_slam/fabmap.py
/home/parallels/dolphin_slam_ws/install/dolphin_slam/lib/python3.10/site-packages/dolphin_slam/image_processing_node.py
/home/parallels/dolphin_slam_ws/install/dolphin_slam/lib/python3.10/site-packages/dolphin_slam/local_view_cells.py
/home/parallels/dolphin_slam_ws/install/dolphin_slam/lib/python3.10/site-packages/dolphin_slam/utils.py
/home/parallels/dolphin_slam_ws/install/dolphin_slam/lib/python3.10/site-packages/dolphin_slam/enhanced_experience_map_node.py
/home/parallels/dolphin_slam_ws/install/dolphin_slam/lib/python3.10/site-packages/dolphin_slam/unified_data_controller.py
/home/parallels/dolphin_slam_ws/install/dolphin_slam/lib/python3.10/site-packages/dolphin_slam/local_view_node.py
/home/parallels/dolphin_slam_ws/install/dolphin_slam/lib/python3.10/site-packages/dolphin_slam/system_stop_monitor.py
/home/parallels/dolphin_slam_ws/install/dolphin_slam/lib/python3.10/site-packages/dolphin_slam/place_cell_node.py
/home/parallels/dolphin_slam_ws/install/dolphin_slam/lib/python3.10/site-packages/dolphin_slam/experience_map_node.py
/home/parallels/dolphin_slam_ws/install/dolphin_slam/lib/python3.10/site-packages/dolphin_slam/image_processing.py
/home/parallels/dolphin_slam_ws/install/dolphin_slam/lib/python3.10/site-packages/dolphin_slam/__init__.py
/home/parallels/dolphin_slam_ws/install/dolphin_slam/lib/python3.10/site-packages/dolphin_slam/experience_map.py
/home/parallels/dolphin_slam_ws/install/dolphin_slam/lib/python3.10/site-packages/dolphin_slam/dataset_player_node.py
/home/parallels/dolphin_slam_ws/install/dolphin_slam/lib/python3.10/site-packages/nodes/robot_state_node.py
/home/parallels/dolphin_slam_ws/install/dolphin_slam/lib/python3.10/site-packages/nodes/image_processing_node.py
/home/parallels/dolphin_slam_ws/install/dolphin_slam/lib/python3.10/site-packages/nodes/enhanced_experience_map_node.py
/home/parallels/dolphin_slam_ws/install/dolphin_slam/lib/python3.10/site-packages/nodes/unified_data_controller.py
/home/parallels/dolphin_slam_ws/install/dolphin_slam/lib/python3.10/site-packages/nodes/local_view_node.py
/home/parallels/dolphin_slam_ws/install/dolphin_slam/lib/python3.10/site-packages/nodes/system_stop_monitor.py
/home/parallels/dolphin_slam_ws/install/dolphin_slam/lib/python3.10/site-packages/nodes/place_cell_node.py
/home/parallels/dolphin_slam_ws/install/dolphin_slam/lib/python3.10/site-packages/nodes/experience_map_node.py
/home/parallels/dolphin_slam_ws/install/dolphin_slam/lib/python3.10/site-packages/nodes/__init__.py
/home/parallels/dolphin_slam_ws/install/dolphin_slam/lib/python3.10/site-packages/nodes/dataset_player_node.py
/home/parallels/dolphin_slam_ws/install/dolphin_slam/lib/python3.10/site-packages/dolphin_slam/__pycache__/place_cell_network.cpython-310.pyc
/home/parallels/dolphin_slam_ws/install/dolphin_slam/lib/python3.10/site-packages/dolphin_slam/__pycache__/image_sync_node.cpython-310.pyc
/home/parallels/dolphin_slam_ws/install/dolphin_slam/lib/python3.10/site-packages/dolphin_slam/__pycache__/robot_state_node.cpython-310.pyc
/home/parallels/dolphin_slam_ws/install/dolphin_slam/lib/python3.10/site-packages/dolphin_slam/__pycache__/robot_state.cpython-310.pyc
/home/parallels/dolphin_slam_ws/install/dolphin_slam/lib/python3.10/site-packages/dolphin_slam/__pycache__/fabmap.cpython-310.pyc
/home/parallels/dolphin_slam_ws/install/dolphin_slam/lib/python3.10/site-packages/dolphin_slam/__pycache__/image_processing_node.cpython-310.pyc
/home/parallels/dolphin_slam_ws/install/dolphin_slam/lib/python3.10/site-packages/dolphin_slam/__pycache__/local_view_cells.cpython-310.pyc
/home/parallels/dolphin_slam_ws/install/dolphin_slam/lib/python3.10/site-packages/dolphin_slam/__pycache__/utils.cpython-310.pyc
/home/parallels/dolphin_slam_ws/install/dolphin_slam/lib/python3.10/site-packages/dolphin_slam/__pycache__/enhanced_experience_map_node.cpython-310.pyc
/home/parallels/dolphin_slam_ws/install/dolphin_slam/lib/python3.10/site-packages/dolphin_slam/__pycache__/unified_data_controller.cpython-310.pyc
/home/parallels/dolphin_slam_ws/install/dolphin_slam/lib/python3.10/site-packages/dolphin_slam/__pycache__/local_view_node.cpython-310.pyc
/home/parallels/dolphin_slam_ws/install/dolphin_slam/lib/python3.10/site-packages/dolphin_slam/__pycache__/system_stop_monitor.cpython-310.pyc
/home/parallels/dolphin_slam_ws/install/dolphin_slam/lib/python3.10/site-packages/dolphin_slam/__pycache__/place_cell_node.cpython-310.pyc
/home/parallels/dolphin_slam_ws/install/dolphin_slam/lib/python3.10/site-packages/dolphin_slam/__pycache__/experience_map_node.cpython-310.pyc
/home/parallels/dolphin_slam_ws/install/dolphin_slam/lib/python3.10/site-packages/dolphin_slam/__pycache__/image_processing.cpython-310.pyc
/home/parallels/dolphin_slam_ws/install/dolphin_slam/lib/python3.10/site-packages/dolphin_slam/__pycache__/__init__.cpython-310.pyc
/home/parallels/dolphin_slam_ws/install/dolphin_slam/lib/python3.10/site-packages/dolphin_slam/__pycache__/experience_map.cpython-310.pyc
/home/parallels/dolphin_slam_ws/install/dolphin_slam/lib/python3.10/site-packages/dolphin_slam/__pycache__/dataset_player_node.cpython-310.pyc
/home/parallels/dolphin_slam_ws/install/dolphin_slam/lib/python3.10/site-packages/nodes/__pycache__/robot_state_node.cpython-310.pyc
/home/parallels/dolphin_slam_ws/install/dolphin_slam/lib/python3.10/site-packages/nodes/__pycache__/image_processing_node.cpython-310.pyc
/home/parallels/dolphin_slam_ws/install/dolphin_slam/lib/python3.10/site-packages/nodes/__pycache__/enhanced_experience_map_node.cpython-310.pyc
/home/parallels/dolphin_slam_ws/install/dolphin_slam/lib/python3.10/site-packages/nodes/__pycache__/unified_data_controller.cpython-310.pyc
/home/parallels/dolphin_slam_ws/install/dolphin_slam/lib/python3.10/site-packages/nodes/__pycache__/local_view_node.cpython-310.pyc
/home/parallels/dolphin_slam_ws/install/dolphin_slam/lib/python3.10/site-packages/nodes/__pycache__/system_stop_monitor.cpython-310.pyc
/home/parallels/dolphin_slam_ws/install/dolphin_slam/lib/python3.10/site-packages/nodes/__pycache__/place_cell_node.cpython-310.pyc
/home/parallels/dolphin_slam_ws/install/dolphin_slam/lib/python3.10/site-packages/nodes/__pycache__/experience_map_node.cpython-310.pyc
/home/parallels/dolphin_slam_ws/install/dolphin_slam/lib/python3.10/site-packages/nodes/__pycache__/__init__.cpython-310.pyc
/home/parallels/dolphin_slam_ws/install/dolphin_slam/lib/python3.10/site-packages/nodes/__pycache__/dataset_player_node.cpython-310.pyc
/home/parallels/dolphin_slam_ws/install/dolphin_slam/share/ament_index/resource_index/packages/dolphin_slam
/home/parallels/dolphin_slam_ws/install/dolphin_slam/share/dolphin_slam/package.xml
/home/parallels/dolphin_slam_ws/install/dolphin_slam/share/dolphin_slam/launch/dolphin_slam_launch.py
/home/parallels/dolphin_slam_ws/install/dolphin_slam/share/dolphin_slam/launch
/home/parallels/dolphin_slam_ws/install/dolphin_slam/share/dolphin_slam/config/dolphin_slam_params.yaml
/home/parallels/dolphin_slam_ws/install/dolphin_slam/share/dolphin_slam/config/sim_waypoints.yaml
/home/parallels/dolphin_slam_ws/install/dolphin_slam/share/dolphin_slam/config/camera_calibration.yaml
/home/parallels/dolphin_slam_ws/install/dolphin_slam/share/dolphin_slam/config/dolphin_slam_sim_params.yaml
/home/parallels/dolphin_slam_ws/install/dolphin_slam/share/dolphin_slam/rviz/dolphin_slam_enhanced.rviz
/home/parallels/dolphin_slam_ws/install/dolphin_slam/share/dolphin_slam/rviz/dolphin_slam_safe.rviz
/home/parallels/dolphin_slam_ws/install/dolphin_slam/share/dolphin_slam/rviz/dolphin_slam_sim.rviz
/home/parallels/dolphin_slam_ws/install/dolphin_slam/share/dolphin_slam/rviz/dolphin_slam_fixed.rviz
/home/parallels/dolphin_slam_ws/install/dolphin_slam/share/dolphin_slam/rviz/dolphin_slam.rviz
/home/parallels/dolphin_slam_ws/install/dolphin_slam/share/dolphin_slam/scripts/slam_monitor.py
/home/parallels/dolphin_slam_ws/install/dolphin_slam/share/dolphin_slam/scripts/analyze_dataset.py
/home/parallels/dolphin_slam_ws/install/dolphin_slam/share/dolphin_slam/scripts/data_validation_script.py
/home/parallels/dolphin_slam_ws/install/dolphin_slam/share/dolphin_slam/scripts/config_checker_fixer.py
/home/parallels/dolphin_slam_ws/install/dolphin_slam/share/dolphin_slam/scripts/conflict_free_monitor.py
/home/parallels/dolphin_slam_ws/install/dolphin_slam/share/dolphin_slam/scripts/comprehensive_fix_script.py
/home/parallels/dolphin_slam_ws/install/dolphin_slam/share/dolphin_slam/scripts/dolphin_slam_fix_script.py
/home/parallels/dolphin_slam_ws/install/dolphin_slam/share/dolphin_slam/scripts/simple_working_monitor.py
/home/parallels/dolphin_slam_ws/install/dolphin_slam/share/dolphin_slam/scripts/dolphin_slam_fix.py
/home/parallels/dolphin_slam_ws/install/dolphin_slam/share/dolphin_slam/scripts/dataset_diagnostics.py
/home/parallels/dolphin_slam_ws/install/dolphin_slam/share/dolphin_slam/scripts/final_fix_script.py
/home/parallels/dolphin_slam_ws/install/dolphin_slam/share/dolphin_slam/scripts/visualize_results.py
/home/parallels/dolphin_slam_ws/install/dolphin_slam/lib/python3.10/site-packages/dolphin_slam-1.0.0-py3.10.egg-info/dependency_links.txt
/home/parallels/dolphin_slam_ws/install/dolphin_slam/lib/python3.10/site-packages/dolphin_slam-1.0.0-py3.10.egg-info/top_level.txt
/home/parallels/dolphin_slam_ws/install/dolphin_slam/lib/python3.10/site-packages/dolphin_slam-1.0.0-py3.10.egg-info/entry_points.txt
/home/parallels/dolphin_slam_ws/install/dolphin_slam/lib/python3.10/site-packages/dolphin_slam-1.0.0-py3.10.egg-info/zip-safe
/home/parallels/dolphin_slam_ws/install/dolphin_slam/lib/python3.10/site-packages/dolphin_slam-1.0.0-py3.10.egg-info/PKG-INFO
/home/parallels/dolphin_slam_ws/install/dolphin_slam/lib/python3.10/site-packages/dolphin_slam-1.0.0-py3.10.egg-info/SOURCES.txt
/home/parallels/dolphin_slam_ws/install/dolphin_slam/lib/python3.10/site-packages/dolphin_slam-1.0.0-py3.10.egg-info/requires.txt
/home/parallels/dolphin_slam_ws/install/dolphin_slam/lib/dolphin_slam/dataset_player_node
/home/parallels/dolphin_slam_ws/install/dolphin_slam/lib/dolphin_slam/experience_map_node
/home/parallels/dolphin_slam_ws/install/dolphin_slam/lib/dolphin_slam/image_processing_node
/home/parallels/dolphin_slam_ws/install/dolphin_slam/lib/dolphin_slam/image_sync_node
/home/parallels/dolphin_slam_ws/install/dolphin_slam/lib/dolphin_slam/local_view_node
/home/parallels/dolphin_slam_ws/install/dolphin_slam/lib/dolphin_slam/place_cell_node
/home/parallels/dolphin_slam_ws/install/dolphin_slam/lib/dolphin_slam/robot_state_node
/home/parallels/dolphin_slam_ws/install/dolphin_slam/lib/dolphin_slam/system_stop_monitor
/home/parallels/dolphin_slam_ws/install/dolphin_slam/lib/dolphin_slam/unified_data_controller
