[0.286s] Invoking command in '/home/cetc3/dolphin_slam_ws/src/dolphin_slam': PYTHONPATH=/home/cetc3/dolphin_slam_ws/build/dolphin_slam/prefix_override:/usr/lib/python3/dist-packages/colcon_core/task/python/colcon_distutils_commands:/home/cetc3/dolphin_slam_ws/install/dolphin_slam/lib/python3.10/site-packages:${PYTHONPATH} /usr/bin/python3 -W ignore:setup.py install is deprecated -W ignore:easy_install command is deprecated setup.py egg_info --egg-base ../../build/dolphin_slam build --build-base /home/cetc3/dolphin_slam_ws/build/dolphin_slam/build install --record /home/cetc3/dolphin_slam_ws/build/dolphin_slam/install.log --single-version-externally-managed install_data
[0.396s] running egg_info
[0.396s] creating ../../build/dolphin_slam/dolphin_slam.egg-info
[0.396s] writing ../../build/dolphin_slam/dolphin_slam.egg-info/PKG-INFO
[0.396s] writing dependency_links to ../../build/dolphin_slam/dolphin_slam.egg-info/dependency_links.txt
[0.396s] writing entry points to ../../build/dolphin_slam/dolphin_slam.egg-info/entry_points.txt
[0.396s] writing requirements to ../../build/dolphin_slam/dolphin_slam.egg-info/requires.txt
[0.396s] writing top-level names to ../../build/dolphin_slam/dolphin_slam.egg-info/top_level.txt
[0.396s] writing manifest file '../../build/dolphin_slam/dolphin_slam.egg-info/SOURCES.txt'
[0.397s] reading manifest file '../../build/dolphin_slam/dolphin_slam.egg-info/SOURCES.txt'
[0.397s] adding license file 'LICENSE.txt'
[0.398s] writing manifest file '../../build/dolphin_slam/dolphin_slam.egg-info/SOURCES.txt'
[0.398s] running build
[0.398s] running build_py
[0.398s] creating /home/cetc3/dolphin_slam_ws/build/dolphin_slam/build
[0.398s] creating /home/cetc3/dolphin_slam_ws/build/dolphin_slam/build/lib
[0.398s] creating /home/cetc3/dolphin_slam_ws/build/dolphin_slam/build/lib/nodes
[0.398s] copying nodes/place_cell_node.py -> /home/cetc3/dolphin_slam_ws/build/dolphin_slam/build/lib/nodes
[0.398s] copying nodes/system_stop_monitor.py -> /home/cetc3/dolphin_slam_ws/build/dolphin_slam/build/lib/nodes
[0.398s] copying nodes/simple_waypoint_controller_node.py -> /home/cetc3/dolphin_slam_ws/build/dolphin_slam/build/lib/nodes
[0.398s] copying nodes/robot_state_node.py -> /home/cetc3/dolphin_slam_ws/build/dolphin_slam/build/lib/nodes
[0.398s] copying nodes/experience_map_node.py -> /home/cetc3/dolphin_slam_ws/build/dolphin_slam/build/lib/nodes
[0.398s] copying nodes/image_processing_node.py -> /home/cetc3/dolphin_slam_ws/build/dolphin_slam/build/lib/nodes
[0.398s] copying nodes/trajectory_evaluator_node.py -> /home/cetc3/dolphin_slam_ws/build/dolphin_slam/build/lib/nodes
[0.398s] copying nodes/enhanced_experience_map_node.py -> /home/cetc3/dolphin_slam_ws/build/dolphin_slam/build/lib/nodes
[0.398s] copying nodes/__init__.py -> /home/cetc3/dolphin_slam_ws/build/dolphin_slam/build/lib/nodes
[0.398s] copying nodes/dataset_player_node.py -> /home/cetc3/dolphin_slam_ws/build/dolphin_slam/build/lib/nodes
[0.399s] copying nodes/unified_data_controller.py -> /home/cetc3/dolphin_slam_ws/build/dolphin_slam/build/lib/nodes
[0.399s] copying nodes/local_view_node.py -> /home/cetc3/dolphin_slam_ws/build/dolphin_slam/build/lib/nodes
[0.399s] copying nodes/simple_odom_publisher_node.py -> /home/cetc3/dolphin_slam_ws/build/dolphin_slam/build/lib/nodes
[0.399s] creating /home/cetc3/dolphin_slam_ws/build/dolphin_slam/build/lib/dolphin_slam
[0.399s] copying dolphin_slam/place_cell_node.py -> /home/cetc3/dolphin_slam_ws/build/dolphin_slam/build/lib/dolphin_slam
[0.399s] copying dolphin_slam/system_stop_monitor.py -> /home/cetc3/dolphin_slam_ws/build/dolphin_slam/build/lib/dolphin_slam
[0.399s] copying dolphin_slam/image_processing.py -> /home/cetc3/dolphin_slam_ws/build/dolphin_slam/build/lib/dolphin_slam
[0.399s] copying dolphin_slam/simple_waypoint_controller_node.py -> /home/cetc3/dolphin_slam_ws/build/dolphin_slam/build/lib/dolphin_slam
[0.399s] copying dolphin_slam/robot_state_node.py -> /home/cetc3/dolphin_slam_ws/build/dolphin_slam/build/lib/dolphin_slam
[0.399s] copying dolphin_slam/experience_map_node.py -> /home/cetc3/dolphin_slam_ws/build/dolphin_slam/build/lib/dolphin_slam
[0.399s] copying dolphin_slam/experience_map.py -> /home/cetc3/dolphin_slam_ws/build/dolphin_slam/build/lib/dolphin_slam
[0.399s] copying dolphin_slam/image_processing_node.py -> /home/cetc3/dolphin_slam_ws/build/dolphin_slam/build/lib/dolphin_slam
[0.399s] copying dolphin_slam/trajectory_evaluator_node.py -> /home/cetc3/dolphin_slam_ws/build/dolphin_slam/build/lib/dolphin_slam
[0.399s] copying dolphin_slam/enhanced_experience_map_node.py -> /home/cetc3/dolphin_slam_ws/build/dolphin_slam/build/lib/dolphin_slam
[0.399s] copying dolphin_slam/__init__.py -> /home/cetc3/dolphin_slam_ws/build/dolphin_slam/build/lib/dolphin_slam
[0.399s] copying dolphin_slam/local_view_cells.py -> /home/cetc3/dolphin_slam_ws/build/dolphin_slam/build/lib/dolphin_slam
[0.399s] copying dolphin_slam/fix_simple_odom_publisher.py -> /home/cetc3/dolphin_slam_ws/build/dolphin_slam/build/lib/dolphin_slam
[0.399s] copying dolphin_slam/place_cell_network.py -> /home/cetc3/dolphin_slam_ws/build/dolphin_slam/build/lib/dolphin_slam
[0.399s] copying dolphin_slam/dataset_player_node.py -> /home/cetc3/dolphin_slam_ws/build/dolphin_slam/build/lib/dolphin_slam
[0.399s] copying dolphin_slam/utils.py -> /home/cetc3/dolphin_slam_ws/build/dolphin_slam/build/lib/dolphin_slam
[0.399s] copying dolphin_slam/robot_state.py -> /home/cetc3/dolphin_slam_ws/build/dolphin_slam/build/lib/dolphin_slam
[0.399s] copying dolphin_slam/unified_data_controller.py -> /home/cetc3/dolphin_slam_ws/build/dolphin_slam/build/lib/dolphin_slam
[0.399s] copying dolphin_slam/image_sync_node.py -> /home/cetc3/dolphin_slam_ws/build/dolphin_slam/build/lib/dolphin_slam
[0.399s] copying dolphin_slam/fabmap.py -> /home/cetc3/dolphin_slam_ws/build/dolphin_slam/build/lib/dolphin_slam
[0.399s] copying dolphin_slam/local_view_node.py -> /home/cetc3/dolphin_slam_ws/build/dolphin_slam/build/lib/dolphin_slam
[0.400s] copying dolphin_slam/simple_odom_publisher_node.py -> /home/cetc3/dolphin_slam_ws/build/dolphin_slam/build/lib/dolphin_slam
[0.400s] running install
[0.400s] running install_lib
[0.400s] creating /home/cetc3/dolphin_slam_ws/install/dolphin_slam/lib/python3.10/site-packages/nodes
[0.400s] copying /home/cetc3/dolphin_slam_ws/build/dolphin_slam/build/lib/nodes/place_cell_node.py -> /home/cetc3/dolphin_slam_ws/install/dolphin_slam/lib/python3.10/site-packages/nodes
[0.401s] copying /home/cetc3/dolphin_slam_ws/build/dolphin_slam/build/lib/nodes/system_stop_monitor.py -> /home/cetc3/dolphin_slam_ws/install/dolphin_slam/lib/python3.10/site-packages/nodes
[0.401s] copying /home/cetc3/dolphin_slam_ws/build/dolphin_slam/build/lib/nodes/simple_waypoint_controller_node.py -> /home/cetc3/dolphin_slam_ws/install/dolphin_slam/lib/python3.10/site-packages/nodes
[0.401s] copying /home/cetc3/dolphin_slam_ws/build/dolphin_slam/build/lib/nodes/robot_state_node.py -> /home/cetc3/dolphin_slam_ws/install/dolphin_slam/lib/python3.10/site-packages/nodes
[0.401s] copying /home/cetc3/dolphin_slam_ws/build/dolphin_slam/build/lib/nodes/experience_map_node.py -> /home/cetc3/dolphin_slam_ws/install/dolphin_slam/lib/python3.10/site-packages/nodes
[0.401s] copying /home/cetc3/dolphin_slam_ws/build/dolphin_slam/build/lib/nodes/image_processing_node.py -> /home/cetc3/dolphin_slam_ws/install/dolphin_slam/lib/python3.10/site-packages/nodes
[0.401s] copying /home/cetc3/dolphin_slam_ws/build/dolphin_slam/build/lib/nodes/trajectory_evaluator_node.py -> /home/cetc3/dolphin_slam_ws/install/dolphin_slam/lib/python3.10/site-packages/nodes
[0.401s] copying /home/cetc3/dolphin_slam_ws/build/dolphin_slam/build/lib/nodes/enhanced_experience_map_node.py -> /home/cetc3/dolphin_slam_ws/install/dolphin_slam/lib/python3.10/site-packages/nodes
[0.401s] copying /home/cetc3/dolphin_slam_ws/build/dolphin_slam/build/lib/nodes/__init__.py -> /home/cetc3/dolphin_slam_ws/install/dolphin_slam/lib/python3.10/site-packages/nodes
[0.401s] copying /home/cetc3/dolphin_slam_ws/build/dolphin_slam/build/lib/nodes/dataset_player_node.py -> /home/cetc3/dolphin_slam_ws/install/dolphin_slam/lib/python3.10/site-packages/nodes
[0.401s] copying /home/cetc3/dolphin_slam_ws/build/dolphin_slam/build/lib/nodes/unified_data_controller.py -> /home/cetc3/dolphin_slam_ws/install/dolphin_slam/lib/python3.10/site-packages/nodes
[0.401s] copying /home/cetc3/dolphin_slam_ws/build/dolphin_slam/build/lib/nodes/local_view_node.py -> /home/cetc3/dolphin_slam_ws/install/dolphin_slam/lib/python3.10/site-packages/nodes
[0.401s] copying /home/cetc3/dolphin_slam_ws/build/dolphin_slam/build/lib/nodes/simple_odom_publisher_node.py -> /home/cetc3/dolphin_slam_ws/install/dolphin_slam/lib/python3.10/site-packages/nodes
[0.401s] creating /home/cetc3/dolphin_slam_ws/install/dolphin_slam/lib/python3.10/site-packages/dolphin_slam
[0.401s] copying /home/cetc3/dolphin_slam_ws/build/dolphin_slam/build/lib/dolphin_slam/place_cell_node.py -> /home/cetc3/dolphin_slam_ws/install/dolphin_slam/lib/python3.10/site-packages/dolphin_slam
[0.401s] copying /home/cetc3/dolphin_slam_ws/build/dolphin_slam/build/lib/dolphin_slam/system_stop_monitor.py -> /home/cetc3/dolphin_slam_ws/install/dolphin_slam/lib/python3.10/site-packages/dolphin_slam
[0.401s] copying /home/cetc3/dolphin_slam_ws/build/dolphin_slam/build/lib/dolphin_slam/image_processing.py -> /home/cetc3/dolphin_slam_ws/install/dolphin_slam/lib/python3.10/site-packages/dolphin_slam
[0.401s] copying /home/cetc3/dolphin_slam_ws/build/dolphin_slam/build/lib/dolphin_slam/simple_waypoint_controller_node.py -> /home/cetc3/dolphin_slam_ws/install/dolphin_slam/lib/python3.10/site-packages/dolphin_slam
[0.401s] copying /home/cetc3/dolphin_slam_ws/build/dolphin_slam/build/lib/dolphin_slam/robot_state_node.py -> /home/cetc3/dolphin_slam_ws/install/dolphin_slam/lib/python3.10/site-packages/dolphin_slam
[0.401s] copying /home/cetc3/dolphin_slam_ws/build/dolphin_slam/build/lib/dolphin_slam/experience_map_node.py -> /home/cetc3/dolphin_slam_ws/install/dolphin_slam/lib/python3.10/site-packages/dolphin_slam
[0.401s] copying /home/cetc3/dolphin_slam_ws/build/dolphin_slam/build/lib/dolphin_slam/experience_map.py -> /home/cetc3/dolphin_slam_ws/install/dolphin_slam/lib/python3.10/site-packages/dolphin_slam
[0.401s] copying /home/cetc3/dolphin_slam_ws/build/dolphin_slam/build/lib/dolphin_slam/image_processing_node.py -> /home/cetc3/dolphin_slam_ws/install/dolphin_slam/lib/python3.10/site-packages/dolphin_slam
[0.401s] copying /home/cetc3/dolphin_slam_ws/build/dolphin_slam/build/lib/dolphin_slam/trajectory_evaluator_node.py -> /home/cetc3/dolphin_slam_ws/install/dolphin_slam/lib/python3.10/site-packages/dolphin_slam
[0.401s] copying /home/cetc3/dolphin_slam_ws/build/dolphin_slam/build/lib/dolphin_slam/enhanced_experience_map_node.py -> /home/cetc3/dolphin_slam_ws/install/dolphin_slam/lib/python3.10/site-packages/dolphin_slam
[0.401s] copying /home/cetc3/dolphin_slam_ws/build/dolphin_slam/build/lib/dolphin_slam/__init__.py -> /home/cetc3/dolphin_slam_ws/install/dolphin_slam/lib/python3.10/site-packages/dolphin_slam
[0.401s] copying /home/cetc3/dolphin_slam_ws/build/dolphin_slam/build/lib/dolphin_slam/local_view_cells.py -> /home/cetc3/dolphin_slam_ws/install/dolphin_slam/lib/python3.10/site-packages/dolphin_slam
[0.401s] copying /home/cetc3/dolphin_slam_ws/build/dolphin_slam/build/lib/dolphin_slam/fix_simple_odom_publisher.py -> /home/cetc3/dolphin_slam_ws/install/dolphin_slam/lib/python3.10/site-packages/dolphin_slam
[0.401s] copying /home/cetc3/dolphin_slam_ws/build/dolphin_slam/build/lib/dolphin_slam/place_cell_network.py -> /home/cetc3/dolphin_slam_ws/install/dolphin_slam/lib/python3.10/site-packages/dolphin_slam
[0.401s] copying /home/cetc3/dolphin_slam_ws/build/dolphin_slam/build/lib/dolphin_slam/dataset_player_node.py -> /home/cetc3/dolphin_slam_ws/install/dolphin_slam/lib/python3.10/site-packages/dolphin_slam
[0.401s] copying /home/cetc3/dolphin_slam_ws/build/dolphin_slam/build/lib/dolphin_slam/utils.py -> /home/cetc3/dolphin_slam_ws/install/dolphin_slam/lib/python3.10/site-packages/dolphin_slam
[0.401s] copying /home/cetc3/dolphin_slam_ws/build/dolphin_slam/build/lib/dolphin_slam/robot_state.py -> /home/cetc3/dolphin_slam_ws/install/dolphin_slam/lib/python3.10/site-packages/dolphin_slam
[0.401s] copying /home/cetc3/dolphin_slam_ws/build/dolphin_slam/build/lib/dolphin_slam/unified_data_controller.py -> /home/cetc3/dolphin_slam_ws/install/dolphin_slam/lib/python3.10/site-packages/dolphin_slam
[0.401s] copying /home/cetc3/dolphin_slam_ws/build/dolphin_slam/build/lib/dolphin_slam/image_sync_node.py -> /home/cetc3/dolphin_slam_ws/install/dolphin_slam/lib/python3.10/site-packages/dolphin_slam
[0.401s] copying /home/cetc3/dolphin_slam_ws/build/dolphin_slam/build/lib/dolphin_slam/fabmap.py -> /home/cetc3/dolphin_slam_ws/install/dolphin_slam/lib/python3.10/site-packages/dolphin_slam
[0.401s] copying /home/cetc3/dolphin_slam_ws/build/dolphin_slam/build/lib/dolphin_slam/local_view_node.py -> /home/cetc3/dolphin_slam_ws/install/dolphin_slam/lib/python3.10/site-packages/dolphin_slam
[0.401s] copying /home/cetc3/dolphin_slam_ws/build/dolphin_slam/build/lib/dolphin_slam/simple_odom_publisher_node.py -> /home/cetc3/dolphin_slam_ws/install/dolphin_slam/lib/python3.10/site-packages/dolphin_slam
[0.402s] byte-compiling /home/cetc3/dolphin_slam_ws/install/dolphin_slam/lib/python3.10/site-packages/nodes/place_cell_node.py to place_cell_node.cpython-310.pyc
[0.404s] byte-compiling /home/cetc3/dolphin_slam_ws/install/dolphin_slam/lib/python3.10/site-packages/nodes/system_stop_monitor.py to system_stop_monitor.cpython-310.pyc
[0.404s] byte-compiling /home/cetc3/dolphin_slam_ws/install/dolphin_slam/lib/python3.10/site-packages/nodes/simple_waypoint_controller_node.py to simple_waypoint_controller_node.cpython-310.pyc
[0.405s] byte-compiling /home/cetc3/dolphin_slam_ws/install/dolphin_slam/lib/python3.10/site-packages/nodes/robot_state_node.py to robot_state_node.cpython-310.pyc
[0.406s] byte-compiling /home/cetc3/dolphin_slam_ws/install/dolphin_slam/lib/python3.10/site-packages/nodes/experience_map_node.py to experience_map_node.cpython-310.pyc
[0.406s] byte-compiling /home/cetc3/dolphin_slam_ws/install/dolphin_slam/lib/python3.10/site-packages/nodes/image_processing_node.py to image_processing_node.cpython-310.pyc
[0.407s] byte-compiling /home/cetc3/dolphin_slam_ws/install/dolphin_slam/lib/python3.10/site-packages/nodes/trajectory_evaluator_node.py to trajectory_evaluator_node.cpython-310.pyc
[0.408s] byte-compiling /home/cetc3/dolphin_slam_ws/install/dolphin_slam/lib/python3.10/site-packages/nodes/enhanced_experience_map_node.py to enhanced_experience_map_node.cpython-310.pyc
[0.408s] byte-compiling /home/cetc3/dolphin_slam_ws/install/dolphin_slam/lib/python3.10/site-packages/nodes/__init__.py to __init__.cpython-310.pyc
[0.408s] byte-compiling /home/cetc3/dolphin_slam_ws/install/dolphin_slam/lib/python3.10/site-packages/nodes/dataset_player_node.py to dataset_player_node.cpython-310.pyc
[0.409s] byte-compiling /home/cetc3/dolphin_slam_ws/install/dolphin_slam/lib/python3.10/site-packages/nodes/unified_data_controller.py to unified_data_controller.cpython-310.pyc
[0.411s] byte-compiling /home/cetc3/dolphin_slam_ws/install/dolphin_slam/lib/python3.10/site-packages/nodes/local_view_node.py to local_view_node.cpython-310.pyc
[0.412s] byte-compiling /home/cetc3/dolphin_slam_ws/install/dolphin_slam/lib/python3.10/site-packages/nodes/simple_odom_publisher_node.py to simple_odom_publisher_node.cpython-310.pyc
[0.412s] byte-compiling /home/cetc3/dolphin_slam_ws/install/dolphin_slam/lib/python3.10/site-packages/dolphin_slam/place_cell_node.py to place_cell_node.cpython-310.pyc
[0.414s] byte-compiling /home/cetc3/dolphin_slam_ws/install/dolphin_slam/lib/python3.10/site-packages/dolphin_slam/system_stop_monitor.py to system_stop_monitor.cpython-310.pyc
[0.414s] byte-compiling /home/cetc3/dolphin_slam_ws/install/dolphin_slam/lib/python3.10/site-packages/dolphin_slam/image_processing.py to image_processing.cpython-310.pyc
[0.415s] byte-compiling /home/cetc3/dolphin_slam_ws/install/dolphin_slam/lib/python3.10/site-packages/dolphin_slam/simple_waypoint_controller_node.py to simple_waypoint_controller_node.cpython-310.pyc
[0.416s] byte-compiling /home/cetc3/dolphin_slam_ws/install/dolphin_slam/lib/python3.10/site-packages/dolphin_slam/robot_state_node.py to robot_state_node.cpython-310.pyc
[0.417s] byte-compiling /home/cetc3/dolphin_slam_ws/install/dolphin_slam/lib/python3.10/site-packages/dolphin_slam/experience_map_node.py to experience_map_node.cpython-310.pyc
[0.417s] byte-compiling /home/cetc3/dolphin_slam_ws/install/dolphin_slam/lib/python3.10/site-packages/dolphin_slam/experience_map.py to experience_map.cpython-310.pyc
[0.418s] byte-compiling /home/cetc3/dolphin_slam_ws/install/dolphin_slam/lib/python3.10/site-packages/dolphin_slam/image_processing_node.py to image_processing_node.cpython-310.pyc
[0.419s] byte-compiling /home/cetc3/dolphin_slam_ws/install/dolphin_slam/lib/python3.10/site-packages/dolphin_slam/trajectory_evaluator_node.py to trajectory_evaluator_node.cpython-310.pyc
[0.419s] byte-compiling /home/cetc3/dolphin_slam_ws/install/dolphin_slam/lib/python3.10/site-packages/dolphin_slam/enhanced_experience_map_node.py to enhanced_experience_map_node.cpython-310.pyc
[0.420s] byte-compiling /home/cetc3/dolphin_slam_ws/install/dolphin_slam/lib/python3.10/site-packages/dolphin_slam/__init__.py to __init__.cpython-310.pyc
[0.420s] byte-compiling /home/cetc3/dolphin_slam_ws/install/dolphin_slam/lib/python3.10/site-packages/dolphin_slam/local_view_cells.py to local_view_cells.cpython-310.pyc
[0.421s] byte-compiling /home/cetc3/dolphin_slam_ws/install/dolphin_slam/lib/python3.10/site-packages/dolphin_slam/fix_simple_odom_publisher.py to fix_simple_odom_publisher.cpython-310.pyc
[0.421s] byte-compiling /home/cetc3/dolphin_slam_ws/install/dolphin_slam/lib/python3.10/site-packages/dolphin_slam/place_cell_network.py to place_cell_network.cpython-310.pyc
[0.422s] byte-compiling /home/cetc3/dolphin_slam_ws/install/dolphin_slam/lib/python3.10/site-packages/dolphin_slam/dataset_player_node.py to dataset_player_node.cpython-310.pyc
[0.424s] byte-compiling /home/cetc3/dolphin_slam_ws/install/dolphin_slam/lib/python3.10/site-packages/dolphin_slam/utils.py to utils.cpython-310.pyc
[0.425s] byte-compiling /home/cetc3/dolphin_slam_ws/install/dolphin_slam/lib/python3.10/site-packages/dolphin_slam/robot_state.py to robot_state.cpython-310.pyc
[0.426s] byte-compiling /home/cetc3/dolphin_slam_ws/install/dolphin_slam/lib/python3.10/site-packages/dolphin_slam/unified_data_controller.py to unified_data_controller.cpython-310.pyc
[0.428s] byte-compiling /home/cetc3/dolphin_slam_ws/install/dolphin_slam/lib/python3.10/site-packages/dolphin_slam/image_sync_node.py to image_sync_node.cpython-310.pyc
[0.429s] byte-compiling /home/cetc3/dolphin_slam_ws/install/dolphin_slam/lib/python3.10/site-packages/dolphin_slam/fabmap.py to fabmap.cpython-310.pyc
[0.430s] byte-compiling /home/cetc3/dolphin_slam_ws/install/dolphin_slam/lib/python3.10/site-packages/dolphin_slam/local_view_node.py to local_view_node.cpython-310.pyc
[0.431s] byte-compiling /home/cetc3/dolphin_slam_ws/install/dolphin_slam/lib/python3.10/site-packages/dolphin_slam/simple_odom_publisher_node.py to simple_odom_publisher_node.cpython-310.pyc
[0.431s] running install_data
[0.431s] creating /home/cetc3/dolphin_slam_ws/install/dolphin_slam/share/ament_index
[0.431s] creating /home/cetc3/dolphin_slam_ws/install/dolphin_slam/share/ament_index/resource_index
[0.431s] creating /home/cetc3/dolphin_slam_ws/install/dolphin_slam/share/ament_index/resource_index/packages
[0.432s] copying resource/dolphin_slam -> /home/cetc3/dolphin_slam_ws/install/dolphin_slam/share/ament_index/resource_index/packages
[0.432s] copying package.xml -> /home/cetc3/dolphin_slam_ws/install/dolphin_slam/share/dolphin_slam
[0.432s] creating /home/cetc3/dolphin_slam_ws/install/dolphin_slam/share/dolphin_slam/launch
[0.432s] copying launch/dolphin_slam_sim_launch.py -> /home/cetc3/dolphin_slam_ws/install/dolphin_slam/share/dolphin_slam/launch
[0.432s] copying launch/dolphin_slam_launch.py -> /home/cetc3/dolphin_slam_ws/install/dolphin_slam/share/dolphin_slam/launch
[0.432s] creating /home/cetc3/dolphin_slam_ws/install/dolphin_slam/share/dolphin_slam/config
[0.432s] copying config/camera_calibration.yaml -> /home/cetc3/dolphin_slam_ws/install/dolphin_slam/share/dolphin_slam/config
[0.432s] copying config/dolphin_slam_params.yaml -> /home/cetc3/dolphin_slam_ws/install/dolphin_slam/share/dolphin_slam/config
[0.432s] copying config/dolphin_slam_sim_params.yaml -> /home/cetc3/dolphin_slam_ws/install/dolphin_slam/share/dolphin_slam/config
[0.432s] copying config/sim_waypoints.yaml -> /home/cetc3/dolphin_slam_ws/install/dolphin_slam/share/dolphin_slam/config
[0.432s] creating /home/cetc3/dolphin_slam_ws/install/dolphin_slam/share/dolphin_slam/rviz
[0.432s] copying rviz/dolphin_slam.rviz -> /home/cetc3/dolphin_slam_ws/install/dolphin_slam/share/dolphin_slam/rviz
[0.432s] copying rviz/dolphin_slam_fixed.rviz -> /home/cetc3/dolphin_slam_ws/install/dolphin_slam/share/dolphin_slam/rviz
[0.432s] copying rviz/dolphin_slam_enhanced.rviz -> /home/cetc3/dolphin_slam_ws/install/dolphin_slam/share/dolphin_slam/rviz
[0.432s] copying rviz/dolphin_slam_safe.rviz -> /home/cetc3/dolphin_slam_ws/install/dolphin_slam/share/dolphin_slam/rviz
[0.432s] copying rviz/dolphin_slam_sim.rviz -> /home/cetc3/dolphin_slam_ws/install/dolphin_slam/share/dolphin_slam/rviz
[0.432s] creating /home/cetc3/dolphin_slam_ws/install/dolphin_slam/share/dolphin_slam/scripts
[0.432s] copying scripts/final_fix_script.py -> /home/cetc3/dolphin_slam_ws/install/dolphin_slam/share/dolphin_slam/scripts
[0.432s] copying scripts/config_checker_fixer.py -> /home/cetc3/dolphin_slam_ws/install/dolphin_slam/share/dolphin_slam/scripts
[0.432s] copying scripts/dolphin_slam_fix.py -> /home/cetc3/dolphin_slam_ws/install/dolphin_slam/share/dolphin_slam/scripts
[0.432s] copying scripts/slam_monitor.py -> /home/cetc3/dolphin_slam_ws/install/dolphin_slam/share/dolphin_slam/scripts
[0.432s] copying scripts/simple_working_monitor.py -> /home/cetc3/dolphin_slam_ws/install/dolphin_slam/share/dolphin_slam/scripts
[0.432s] copying scripts/dolphin_slam_fix_script.py -> /home/cetc3/dolphin_slam_ws/install/dolphin_slam/share/dolphin_slam/scripts
[0.432s] copying scripts/data_validation_script.py -> /home/cetc3/dolphin_slam_ws/install/dolphin_slam/share/dolphin_slam/scripts
[0.432s] copying scripts/conflict_free_monitor.py -> /home/cetc3/dolphin_slam_ws/install/dolphin_slam/share/dolphin_slam/scripts
[0.432s] copying scripts/analyze_dataset.py -> /home/cetc3/dolphin_slam_ws/install/dolphin_slam/share/dolphin_slam/scripts
[0.432s] copying scripts/comprehensive_fix_script.py -> /home/cetc3/dolphin_slam_ws/install/dolphin_slam/share/dolphin_slam/scripts
[0.433s] copying scripts/dataset_diagnostics.py -> /home/cetc3/dolphin_slam_ws/install/dolphin_slam/share/dolphin_slam/scripts
[0.433s] copying scripts/visualize_results.py -> /home/cetc3/dolphin_slam_ws/install/dolphin_slam/share/dolphin_slam/scripts
[0.433s] creating /home/cetc3/dolphin_slam_ws/install/dolphin_slam/share/dolphin_slam/urdf
[0.433s] copying urdf/auv_robot.xacro -> /home/cetc3/dolphin_slam_ws/install/dolphin_slam/share/dolphin_slam/urdf
[0.433s] creating /home/cetc3/dolphin_slam_ws/install/dolphin_slam/share/dolphin_slam/worlds
[0.433s] copying worlds/underwater_world.world -> /home/cetc3/dolphin_slam_ws/install/dolphin_slam/share/dolphin_slam/worlds
[0.433s] creating /home/cetc3/dolphin_slam_ws/install/dolphin_slam/share/dolphin_slam/meshes
[0.433s] running install_egg_info
[0.433s] Copying ../../build/dolphin_slam/dolphin_slam.egg-info to /home/cetc3/dolphin_slam_ws/install/dolphin_slam/lib/python3.10/site-packages/dolphin_slam-1.0.0-py3.10.egg-info
[0.434s] running install_scripts
[0.444s] Installing dataset_player_node script to /home/cetc3/dolphin_slam_ws/install/dolphin_slam/lib/dolphin_slam
[0.444s] Installing experience_map_node script to /home/cetc3/dolphin_slam_ws/install/dolphin_slam/lib/dolphin_slam
[0.444s] Installing fixed_simple_odom_publisher_node script to /home/cetc3/dolphin_slam_ws/install/dolphin_slam/lib/dolphin_slam
[0.444s] Installing image_processing_node script to /home/cetc3/dolphin_slam_ws/install/dolphin_slam/lib/dolphin_slam
[0.444s] Installing image_sync_node script to /home/cetc3/dolphin_slam_ws/install/dolphin_slam/lib/dolphin_slam
[0.444s] Installing local_view_node script to /home/cetc3/dolphin_slam_ws/install/dolphin_slam/lib/dolphin_slam
[0.444s] Installing place_cell_node script to /home/cetc3/dolphin_slam_ws/install/dolphin_slam/lib/dolphin_slam
[0.444s] Installing robot_state_node script to /home/cetc3/dolphin_slam_ws/install/dolphin_slam/lib/dolphin_slam
[0.444s] Installing simple_odom_publisher_node script to /home/cetc3/dolphin_slam_ws/install/dolphin_slam/lib/dolphin_slam
[0.444s] Installing simple_waypoint_controller_node script to /home/cetc3/dolphin_slam_ws/install/dolphin_slam/lib/dolphin_slam
[0.444s] Installing system_stop_monitor script to /home/cetc3/dolphin_slam_ws/install/dolphin_slam/lib/dolphin_slam
[0.444s] Installing trajectory_evaluator_node script to /home/cetc3/dolphin_slam_ws/install/dolphin_slam/lib/dolphin_slam
[0.444s] Installing unified_data_controller script to /home/cetc3/dolphin_slam_ws/install/dolphin_slam/lib/dolphin_slam
[0.444s] writing list of installed files to '/home/cetc3/dolphin_slam_ws/build/dolphin_slam/install.log'
[0.455s] Invoked command in '/home/cetc3/dolphin_slam_ws/src/dolphin_slam' returned '0': PYTHONPATH=/home/cetc3/dolphin_slam_ws/build/dolphin_slam/prefix_override:/usr/lib/python3/dist-packages/colcon_core/task/python/colcon_distutils_commands:/home/cetc3/dolphin_slam_ws/install/dolphin_slam/lib/python3.10/site-packages:${PYTHONPATH} /usr/bin/python3 -W ignore:setup.py install is deprecated -W ignore:easy_install command is deprecated setup.py egg_info --egg-base ../../build/dolphin_slam build --build-base /home/cetc3/dolphin_slam_ws/build/dolphin_slam/build install --record /home/cetc3/dolphin_slam_ws/build/dolphin_slam/install.log --single-version-externally-managed install_data
