[0.290s] Invoking command in '/home/cetc3/dolphin_slam_ws/src/dolphin_slam': PYTHONPATH=/home/cetc3/dolphin_slam_ws/build/dolphin_slam/prefix_override:/usr/lib/python3/dist-packages/colcon_core/task/python/colcon_distutils_commands:/home/cetc3/dolphin_slam_ws/install/dolphin_slam/lib/python3.10/site-packages:${PYTHONPATH} /usr/bin/python3 -W ignore:setup.py install is deprecated -W ignore:easy_install command is deprecated setup.py egg_info --egg-base ../../build/dolphin_slam build --build-base /home/cetc3/dolphin_slam_ws/build/dolphin_slam/build install --record /home/cetc3/dolphin_slam_ws/build/dolphin_slam/install.log --single-version-externally-managed install_data
[0.394s] running egg_info
[0.394s] writing ../../build/dolphin_slam/dolphin_slam.egg-info/PKG-INFO
[0.394s] writing dependency_links to ../../build/dolphin_slam/dolphin_slam.egg-info/dependency_links.txt
[0.394s] writing entry points to ../../build/dolphin_slam/dolphin_slam.egg-info/entry_points.txt
[0.394s] writing requirements to ../../build/dolphin_slam/dolphin_slam.egg-info/requires.txt
[0.394s] writing top-level names to ../../build/dolphin_slam/dolphin_slam.egg-info/top_level.txt
[0.395s] reading manifest file '../../build/dolphin_slam/dolphin_slam.egg-info/SOURCES.txt'
[0.395s] adding license file 'LICENSE.txt'
[0.396s] writing manifest file '../../build/dolphin_slam/dolphin_slam.egg-info/SOURCES.txt'
[0.396s] running build
[0.396s] running build_py
[0.396s] copying nodes/place_cell_node.py -> /home/cetc3/dolphin_slam_ws/build/dolphin_slam/build/lib/nodes
[0.396s] copying dolphin_slam/place_cell_node.py -> /home/cetc3/dolphin_slam_ws/build/dolphin_slam/build/lib/dolphin_slam
[0.397s] running install
[0.397s] running install_lib
[0.397s] copying /home/cetc3/dolphin_slam_ws/build/dolphin_slam/build/lib/nodes/place_cell_node.py -> /home/cetc3/dolphin_slam_ws/install/dolphin_slam/lib/python3.10/site-packages/nodes
[0.397s] copying /home/cetc3/dolphin_slam_ws/build/dolphin_slam/build/lib/dolphin_slam/place_cell_node.py -> /home/cetc3/dolphin_slam_ws/install/dolphin_slam/lib/python3.10/site-packages/dolphin_slam
[0.398s] byte-compiling /home/cetc3/dolphin_slam_ws/install/dolphin_slam/lib/python3.10/site-packages/nodes/place_cell_node.py to place_cell_node.cpython-310.pyc
[0.399s] byte-compiling /home/cetc3/dolphin_slam_ws/install/dolphin_slam/lib/python3.10/site-packages/dolphin_slam/place_cell_node.py to place_cell_node.cpython-310.pyc
[0.401s] running install_data
[0.401s] copying worlds/underwater_world_enhanced.world -> /home/cetc3/dolphin_slam_ws/install/dolphin_slam/share/dolphin_slam/worlds
[0.401s] running install_egg_info
[0.402s] removing '/home/cetc3/dolphin_slam_ws/install/dolphin_slam/lib/python3.10/site-packages/dolphin_slam-1.0.0-py3.10.egg-info' (and everything under it)
[0.402s] Copying ../../build/dolphin_slam/dolphin_slam.egg-info to /home/cetc3/dolphin_slam_ws/install/dolphin_slam/lib/python3.10/site-packages/dolphin_slam-1.0.0-py3.10.egg-info
[0.402s] running install_scripts
[0.412s] Installing dataset_player_node script to /home/cetc3/dolphin_slam_ws/install/dolphin_slam/lib/dolphin_slam
[0.412s] Installing enhanced_waypoint_controller_node script to /home/cetc3/dolphin_slam_ws/install/dolphin_slam/lib/dolphin_slam
[0.412s] Installing experience_map_node script to /home/cetc3/dolphin_slam_ws/install/dolphin_slam/lib/dolphin_slam
[0.412s] Installing image_processing_node script to /home/cetc3/dolphin_slam_ws/install/dolphin_slam/lib/dolphin_slam
[0.413s] Installing local_view_node script to /home/cetc3/dolphin_slam_ws/install/dolphin_slam/lib/dolphin_slam
[0.413s] Installing place_cell_node script to /home/cetc3/dolphin_slam_ws/install/dolphin_slam/lib/dolphin_slam
[0.413s] Installing robot_state_node script to /home/cetc3/dolphin_slam_ws/install/dolphin_slam/lib/dolphin_slam
[0.413s] Installing simple_odom_publisher_node script to /home/cetc3/dolphin_slam_ws/install/dolphin_slam/lib/dolphin_slam
[0.413s] Installing simple_waypoint_controller_node script to /home/cetc3/dolphin_slam_ws/install/dolphin_slam/lib/dolphin_slam
[0.413s] Installing trajectory_evaluator_node script to /home/cetc3/dolphin_slam_ws/install/dolphin_slam/lib/dolphin_slam
[0.413s] writing list of installed files to '/home/cetc3/dolphin_slam_ws/build/dolphin_slam/install.log'
[0.424s] Invoked command in '/home/cetc3/dolphin_slam_ws/src/dolphin_slam' returned '0': PYTHONPATH=/home/cetc3/dolphin_slam_ws/build/dolphin_slam/prefix_override:/usr/lib/python3/dist-packages/colcon_core/task/python/colcon_distutils_commands:/home/cetc3/dolphin_slam_ws/install/dolphin_slam/lib/python3.10/site-packages:${PYTHONPATH} /usr/bin/python3 -W ignore:setup.py install is deprecated -W ignore:easy_install command is deprecated setup.py egg_info --egg-base ../../build/dolphin_slam build --build-base /home/cetc3/dolphin_slam_ws/build/dolphin_slam/build install --record /home/cetc3/dolphin_slam_ws/build/dolphin_slam/install.log --single-version-externally-managed install_data
