running egg_info
writing ../../build/dolphin_slam/dolphin_slam.egg-info/PKG-INFO
writing dependency_links to ../../build/dolphin_slam/dolphin_slam.egg-info/dependency_links.txt
writing entry points to ../../build/dolphin_slam/dolphin_slam.egg-info/entry_points.txt
writing requirements to ../../build/dolphin_slam/dolphin_slam.egg-info/requires.txt
writing top-level names to ../../build/dolphin_slam/dolphin_slam.egg-info/top_level.txt
reading manifest file '../../build/dolphin_slam/dolphin_slam.egg-info/SOURCES.txt'
adding license file 'LICENSE.txt'
writing manifest file '../../build/dolphin_slam/dolphin_slam.egg-info/SOURCES.txt'
running build
running build_py
copying nodes/simple_odom_publisher_node.py -> /home/cetc3/dolphin_slam_ws/build/dolphin_slam/build/lib/nodes
running install
running install_lib
copying /home/cetc3/dolphin_slam_ws/build/dolphin_slam/build/lib/nodes/simple_odom_publisher_node.py -> /home/cetc3/dolphin_slam_ws/install/dolphin_slam/lib/python3.10/site-packages/nodes
byte-compiling /home/cetc3/dolphin_slam_ws/install/dolphin_slam/lib/python3.10/site-packages/nodes/simple_odom_publisher_node.py to simple_odom_publisher_node.cpython-310.pyc
running install_data
copying worlds/underwater_world.world -> /home/cetc3/dolphin_slam_ws/install/dolphin_slam/share/dolphin_slam/worlds
running install_egg_info
removing '/home/cetc3/dolphin_slam_ws/install/dolphin_slam/lib/python3.10/site-packages/dolphin_slam-1.0.0-py3.10.egg-info' (and everything under it)
Copying ../../build/dolphin_slam/dolphin_slam.egg-info to /home/cetc3/dolphin_slam_ws/install/dolphin_slam/lib/python3.10/site-packages/dolphin_slam-1.0.0-py3.10.egg-info
running install_scripts
Installing dataset_player_node script to /home/cetc3/dolphin_slam_ws/install/dolphin_slam/lib/dolphin_slam
Installing experience_map_node script to /home/cetc3/dolphin_slam_ws/install/dolphin_slam/lib/dolphin_slam
Installing fixed_simple_odom_publisher_node script to /home/cetc3/dolphin_slam_ws/install/dolphin_slam/lib/dolphin_slam
Installing image_processing_node script to /home/cetc3/dolphin_slam_ws/install/dolphin_slam/lib/dolphin_slam
Installing image_sync_node script to /home/cetc3/dolphin_slam_ws/install/dolphin_slam/lib/dolphin_slam
Installing local_view_node script to /home/cetc3/dolphin_slam_ws/install/dolphin_slam/lib/dolphin_slam
Installing place_cell_node script to /home/cetc3/dolphin_slam_ws/install/dolphin_slam/lib/dolphin_slam
Installing robot_state_node script to /home/cetc3/dolphin_slam_ws/install/dolphin_slam/lib/dolphin_slam
Installing simple_odom_publisher_node script to /home/cetc3/dolphin_slam_ws/install/dolphin_slam/lib/dolphin_slam
Installing simple_waypoint_controller_node script to /home/cetc3/dolphin_slam_ws/install/dolphin_slam/lib/dolphin_slam
Installing system_stop_monitor script to /home/cetc3/dolphin_slam_ws/install/dolphin_slam/lib/dolphin_slam
Installing trajectory_evaluator_node script to /home/cetc3/dolphin_slam_ws/install/dolphin_slam/lib/dolphin_slam
Installing unified_data_controller script to /home/cetc3/dolphin_slam_ws/install/dolphin_slam/lib/dolphin_slam
writing list of installed files to '/home/cetc3/dolphin_slam_ws/build/dolphin_slam/install.log'
